2002.06.30 13:21 A C:\WINDOWS\Desktop\scripts\admin\admgr.php <-- hosting1.myecom.net /scripts/admin admgr.php
2002.06.30 13:21 A C:\WINDOWS\Desktop\scripts\admin\backup.php <-- hosting1.myecom.net /scripts/admin backup.php
2002.06.30 13:21 A C:\WINDOWS\Desktop\scripts\admin\cashearnings.php <-- hosting1.myecom.net /scripts/admin cashearnings.php
2002.06.30 13:21 A C:\WINDOWS\Desktop\scripts\admin\create.php <-- hosting1.myecom.net /scripts/admin create.php
2002.06.30 13:21 A C:\WINDOWS\Desktop\scripts\admin\cronjobs.php <-- hosting1.myecom.net /scripts/admin cronjobs.php
2002.06.30 13:21 A C:\WINDOWS\Desktop\scripts\admin\emailadmgr.php <-- hosting1.myecom.net /scripts/admin emailadmgr.php
2002.06.30 13:21 A C:\WINDOWS\Desktop\scripts\admin\index.php <-- hosting1.myecom.net /scripts/admin index.php
2002.06.30 13:21 A C:\WINDOWS\Desktop\scripts\admin\massmail.php <-- hosting1.myecom.net /scripts/admin massmail.php
2002.06.30 13:21 A C:\WINDOWS\Desktop\scripts\admin\pointearnings.php <-- hosting1.myecom.net /scripts/admin pointearnings.php
2002.06.30 13:21 A C:\WINDOWS\Desktop\scripts\admin\ptcadmgr.php <-- hosting1.myecom.net /scripts/admin ptcadmgr.php
2002.06.30 13:21 A C:\WINDOWS\Desktop\scripts\admin\redeemmgr.php <-- hosting1.myecom.net /scripts/admin redeemmgr.php
2002.06.30 13:21 A C:\WINDOWS\Desktop\scripts\admin\startpage.php <-- hosting1.myecom.net /scripts/admin startpage.php
2002.06.30 13:21 A C:\WINDOWS\Desktop\scripts\admin\transactions.php <-- hosting1.myecom.net /scripts/admin transactions.php
2002.06.30 13:21 A C:\WINDOWS\Desktop\scripts\admin\updatecheck.php <-- hosting1.myecom.net /scripts/admin updatecheck.php
2002.06.30 13:21 A C:\WINDOWS\Desktop\scripts\admin\usermanager.php <-- hosting1.myecom.net /scripts/admin usermanager.php
2002.06.30 13:21 A C:\WINDOWS\Desktop\scripts\admin\viewuser.php <-- hosting1.myecom.net /scripts/admin viewuser.php
2002.06.30 14:05 A C:\WINDOWS\Desktop\Cac Upgrades FTP\scripts\admin\admgr.php --> 65.241.72.5 /www/scripts/admin admgr.php
2002.06.30 14:05 A C:\WINDOWS\Desktop\Cac Upgrades FTP\scripts\admin\backup.php --> 65.241.72.5 /www/scripts/admin backup.php
2002.06.30 14:05 A C:\WINDOWS\Desktop\Cac Upgrades FTP\scripts\admin\cashearnings.php --> 65.241.72.5 /www/scripts/admin cashearnings.php
2002.06.30 14:05 A C:\WINDOWS\Desktop\Cac Upgrades FTP\scripts\admin\create.php --> 65.241.72.5 /www/scripts/admin create.php
2002.06.30 14:05 A C:\WINDOWS\Desktop\Cac Upgrades FTP\scripts\admin\cronjobs.php --> 65.241.72.5 /www/scripts/admin cronjobs.php
2002.06.30 14:05 A C:\WINDOWS\Desktop\Cac Upgrades FTP\scripts\admin\emailadmgr.php --> 65.241.72.5 /www/scripts/admin emailadmgr.php
2002.06.30 14:05 A C:\WINDOWS\Desktop\Cac Upgrades FTP\scripts\admin\index.php --> 65.241.72.5 /www/scripts/admin index.php
2002.06.30 14:05 A C:\WINDOWS\Desktop\Cac Upgrades FTP\scripts\admin\massmail.php --> 65.241.72.5 /www/scripts/admin massmail.php
2002.06.30 14:05 A C:\WINDOWS\Desktop\Cac Upgrades FTP\scripts\admin\pointearnings.php --> 65.241.72.5 /www/scripts/admin pointearnings.php
2002.06.30 14:05 A C:\WINDOWS\Desktop\Cac Upgrades FTP\scripts\admin\ptcadmgr.php --> 65.241.72.5 /www/scripts/admin ptcadmgr.php
2002.06.30 14:05 A C:\WINDOWS\Desktop\Cac Upgrades FTP\scripts\admin\redeemmgr.php --> 65.241.72.5 /www/scripts/admin redeemmgr.php
2002.06.30 14:05 A C:\WINDOWS\Desktop\Cac Upgrades FTP\scripts\admin\startpage.php --> 65.241.72.5 /www/scripts/admin startpage.php
2002.06.30 14:05 A C:\WINDOWS\Desktop\Cac Upgrades FTP\scripts\admin\transactions.php --> 65.241.72.5 /www/scripts/admin transactions.php
2002.06.30 14:05 A C:\WINDOWS\Desktop\Cac Upgrades FTP\scripts\admin\updatecheck.php --> 65.241.72.5 /www/scripts/admin updatecheck.php
2002.06.30 14:06 A C:\WINDOWS\Desktop\Cac Upgrades FTP\scripts\admin\usermanager.php --> 65.241.72.5 /www/scripts/admin usermanager.php
2002.06.30 14:06 A C:\WINDOWS\Desktop\Cac Upgrades FTP\scripts\admin\viewuser.php --> 65.241.72.5 /www/scripts/admin viewuser.php
2002.06.30 14:06 A C:\WINDOWS\Desktop\Cac Upgrades FTP\scripts\admin\WS_FTP.LOG --> 65.241.72.5 /www/scripts/admin WS_FTP.LOG
2002.06.30 14:37 A C:\WINDOWS\Desktop\Cac Upgrades FTP\scripts\admin\admgr.php --> ftp.dollarsbyemail.com /dollarsb-www/scripts/admin admgr.php
2002.06.30 14:37 A C:\WINDOWS\Desktop\Cac Upgrades FTP\scripts\admin\backup.php --> ftp.dollarsbyemail.com /dollarsb-www/scripts/admin backup.php
2002.06.30 14:37 A C:\WINDOWS\Desktop\Cac Upgrades FTP\scripts\admin\cashearnings.php --> ftp.dollarsbyemail.com /dollarsb-www/scripts/admin cashearnings.php
2002.06.30 14:37 A C:\WINDOWS\Desktop\Cac Upgrades FTP\scripts\admin\create.php --> ftp.dollarsbyemail.com /dollarsb-www/scripts/admin create.php
2002.06.30 14:37 A C:\WINDOWS\Desktop\Cac Upgrades FTP\scripts\admin\cronjobs.php --> ftp.dollarsbyemail.com /dollarsb-www/scripts/admin cronjobs.php
2002.06.30 14:37 A C:\WINDOWS\Desktop\Cac Upgrades FTP\scripts\admin\emailadmgr.php --> ftp.dollarsbyemail.com /dollarsb-www/scripts/admin emailadmgr.php
2002.06.30 14:37 A C:\WINDOWS\Desktop\Cac Upgrades FTP\scripts\admin\index.php --> ftp.dollarsbyemail.com /dollarsb-www/scripts/admin index.php
2002.06.30 14:37 A C:\WINDOWS\Desktop\Cac Upgrades FTP\scripts\admin\massmail.php --> ftp.dollarsbyemail.com /dollarsb-www/scripts/admin massmail.php
2002.06.30 14:37 A C:\WINDOWS\Desktop\Cac Upgrades FTP\scripts\admin\pointearnings.php --> ftp.dollarsbyemail.com /dollarsb-www/scripts/admin pointearnings.php
2002.06.30 14:37 A C:\WINDOWS\Desktop\Cac Upgrades FTP\scripts\admin\ptcadmgr.php --> ftp.dollarsbyemail.com /dollarsb-www/scripts/admin ptcadmgr.php
2002.06.30 14:37 A C:\WINDOWS\Desktop\Cac Upgrades FTP\scripts\admin\redeemmgr.php --> ftp.dollarsbyemail.com /dollarsb-www/scripts/admin redeemmgr.php
2002.06.30 14:37 A C:\WINDOWS\Desktop\Cac Upgrades FTP\scripts\admin\startpage.php --> ftp.dollarsbyemail.com /dollarsb-www/scripts/admin startpage.php
2002.06.30 14:37 A C:\WINDOWS\Desktop\Cac Upgrades FTP\scripts\admin\transactions.php --> ftp.dollarsbyemail.com /dollarsb-www/scripts/admin transactions.php
2002.06.30 14:37 A C:\WINDOWS\Desktop\Cac Upgrades FTP\scripts\admin\updatecheck.php --> ftp.dollarsbyemail.com /dollarsb-www/scripts/admin updatecheck.php
2002.06.30 14:37 A C:\WINDOWS\Desktop\Cac Upgrades FTP\scripts\admin\usermanager.php --> ftp.dollarsbyemail.com /dollarsb-www/scripts/admin usermanager.php
2002.06.30 14:37 A C:\WINDOWS\Desktop\Cac Upgrades FTP\scripts\admin\viewuser.php --> ftp.dollarsbyemail.com /dollarsb-www/scripts/admin viewuser.php
2002.06.30 14:38 A C:\WINDOWS\Desktop\Cac Upgrades FTP\scripts\admin\WS_FTP.LOG --> ftp.dollarsbyemail.com /dollarsb-www/scripts/admin WS_FTP.LOG
2002.06.30 14:48 A C:\WINDOWS\Desktop\Cac Upgrades FTP\scripts\admin\admgr.php --> 1000levels.com /public_html/scripts/admin admgr.php
2002.06.30 14:48 A C:\WINDOWS\Desktop\Cac Upgrades FTP\scripts\admin\backup.php --> 1000levels.com /public_html/scripts/admin backup.php
2002.06.30 14:48 A C:\WINDOWS\Desktop\Cac Upgrades FTP\scripts\admin\cashearnings.php --> 1000levels.com /public_html/scripts/admin cashearnings.php
2002.06.30 14:48 A C:\WINDOWS\Desktop\Cac Upgrades FTP\scripts\admin\create.php --> 1000levels.com /public_html/scripts/admin create.php
2002.06.30 14:48 A C:\WINDOWS\Desktop\Cac Upgrades FTP\scripts\admin\cronjobs.php --> 1000levels.com /public_html/scripts/admin cronjobs.php
2002.06.30 14:48 A C:\WINDOWS\Desktop\Cac Upgrades FTP\scripts\admin\emailadmgr.php --> 1000levels.com /public_html/scripts/admin emailadmgr.php
2002.06.30 14:48 A C:\WINDOWS\Desktop\Cac Upgrades FTP\scripts\admin\index.php --> 1000levels.com /public_html/scripts/admin index.php
2002.06.30 14:48 A C:\WINDOWS\Desktop\Cac Upgrades FTP\scripts\admin\massmail.php --> 1000levels.com /public_html/scripts/admin massmail.php
2002.06.30 14:48 A C:\WINDOWS\Desktop\Cac Upgrades FTP\scripts\admin\pointearnings.php --> 1000levels.com /public_html/scripts/admin pointearnings.php
2002.06.30 14:48 A C:\WINDOWS\Desktop\Cac Upgrades FTP\scripts\admin\ptcadmgr.php --> 1000levels.com /public_html/scripts/admin ptcadmgr.php
2002.06.30 14:48 A C:\WINDOWS\Desktop\Cac Upgrades FTP\scripts\admin\redeemmgr.php --> 1000levels.com /public_html/scripts/admin redeemmgr.php
2002.06.30 14:48 A C:\WINDOWS\Desktop\Cac Upgrades FTP\scripts\admin\startpage.php --> 1000levels.com /public_html/scripts/admin startpage.php
2002.06.30 14:48 A C:\WINDOWS\Desktop\Cac Upgrades FTP\scripts\admin\transactions.php --> 1000levels.com /public_html/scripts/admin transactions.php
2002.06.30 14:48 A C:\WINDOWS\Desktop\Cac Upgrades FTP\scripts\admin\updatecheck.php --> 1000levels.com /public_html/scripts/admin updatecheck.php
2002.06.30 14:48 A C:\WINDOWS\Desktop\Cac Upgrades FTP\scripts\admin\usermanager.php --> 1000levels.com /public_html/scripts/admin usermanager.php
2002.06.30 14:48 A C:\WINDOWS\Desktop\Cac Upgrades FTP\scripts\admin\viewuser.php --> 1000levels.com /public_html/scripts/admin viewuser.php
2002.06.30 14:48 A C:\WINDOWS\Desktop\Cac Upgrades FTP\scripts\admin\WS_FTP.LOG --> 1000levels.com /public_html/scripts/admin WS_FTP.LOG
2002.07.22 13:22 A C:\WINDOWS\Desktop\Cac Upgrades FTP\scripts\admin\admgr.php --> pennymails.com /public_html/scripts/admin admgr.php
2002.07.22 13:22 A C:\WINDOWS\Desktop\Cac Upgrades FTP\scripts\admin\backup.php --> pennymails.com /public_html/scripts/admin backup.php
2002.07.22 13:22 A C:\WINDOWS\Desktop\Cac Upgrades FTP\scripts\admin\cashearnings.php --> pennymails.com /public_html/scripts/admin cashearnings.php
2002.07.22 13:22 A C:\WINDOWS\Desktop\Cac Upgrades FTP\scripts\admin\create.php --> pennymails.com /public_html/scripts/admin create.php
2002.07.22 13:22 A C:\WINDOWS\Desktop\Cac Upgrades FTP\scripts\admin\cronjobs.php --> pennymails.com /public_html/scripts/admin cronjobs.php
2002.07.22 13:22 A C:\WINDOWS\Desktop\Cac Upgrades FTP\scripts\admin\emailadmgr.php --> pennymails.com /public_html/scripts/admin emailadmgr.php
2002.07.22 13:22 A C:\WINDOWS\Desktop\Cac Upgrades FTP\scripts\admin\index.php --> pennymails.com /public_html/scripts/admin index.php
2002.07.22 13:22 A C:\WINDOWS\Desktop\Cac Upgrades FTP\scripts\admin\massmail.php --> pennymails.com /public_html/scripts/admin massmail.php
2002.07.22 13:22 A C:\WINDOWS\Desktop\Cac Upgrades FTP\scripts\admin\pointearnings.php --> pennymails.com /public_html/scripts/admin pointearnings.php
2002.07.22 13:22 A C:\WINDOWS\Desktop\Cac Upgrades FTP\scripts\admin\ptcadmgr.php --> pennymails.com /public_html/scripts/admin ptcadmgr.php
2002.07.22 13:22 A C:\WINDOWS\Desktop\Cac Upgrades FTP\scripts\admin\redeemmgr.php --> pennymails.com /public_html/scripts/admin redeemmgr.php
2002.07.22 13:22 A C:\WINDOWS\Desktop\Cac Upgrades FTP\scripts\admin\startpage.php --> pennymails.com /public_html/scripts/admin startpage.php
2002.07.22 13:22 A C:\WINDOWS\Desktop\Cac Upgrades FTP\scripts\admin\transactions.php --> pennymails.com /public_html/scripts/admin transactions.php
2002.07.22 13:22 A C:\WINDOWS\Desktop\Cac Upgrades FTP\scripts\admin\updatecheck.php --> pennymails.com /public_html/scripts/admin updatecheck.php
2002.07.22 13:22 A C:\WINDOWS\Desktop\Cac Upgrades FTP\scripts\admin\usermanager.php --> pennymails.com /public_html/scripts/admin usermanager.php
2002.07.22 13:22 A C:\WINDOWS\Desktop\Cac Upgrades FTP\scripts\admin\viewuser.php --> pennymails.com /public_html/scripts/admin viewuser.php
2002.07.22 13:22 A C:\WINDOWS\Desktop\Cac Upgrades FTP\scripts\admin\WS_FTP.LOG --> pennymails.com /public_html/scripts/admin WS_FTP.LOG
2002.07.22 21:38 A C:\WINDOWS\Desktop\Cac Upgrades FTP\scripts\admin\admgr.php --> reading4cash.com /www/scripts/admin admgr.php
2002.07.22 21:38 A C:\WINDOWS\Desktop\Cac Upgrades FTP\scripts\admin\backup.php --> reading4cash.com /www/scripts/admin backup.php
2002.07.22 21:38 A C:\WINDOWS\Desktop\Cac Upgrades FTP\scripts\admin\cashearnings.php --> reading4cash.com /www/scripts/admin cashearnings.php
2002.07.22 21:38 A C:\WINDOWS\Desktop\Cac Upgrades FTP\scripts\admin\create.php --> reading4cash.com /www/scripts/admin create.php
2002.07.22 21:38 A C:\WINDOWS\Desktop\Cac Upgrades FTP\scripts\admin\cronjobs.php --> reading4cash.com /www/scripts/admin cronjobs.php
2002.07.22 21:38 A C:\WINDOWS\Desktop\Cac Upgrades FTP\scripts\admin\emailadmgr.php --> reading4cash.com /www/scripts/admin emailadmgr.php
2002.07.22 21:38 A C:\WINDOWS\Desktop\Cac Upgrades FTP\scripts\admin\index.php --> reading4cash.com /www/scripts/admin index.php
2002.07.22 21:38 A C:\WINDOWS\Desktop\Cac Upgrades FTP\scripts\admin\massmail.php --> reading4cash.com /www/scripts/admin massmail.php
2002.07.22 21:38 A C:\WINDOWS\Desktop\Cac Upgrades FTP\scripts\admin\pointearnings.php --> reading4cash.com /www/scripts/admin pointearnings.php
2002.07.22 21:38 A C:\WINDOWS\Desktop\Cac Upgrades FTP\scripts\admin\ptcadmgr.php --> reading4cash.com /www/scripts/admin ptcadmgr.php
2002.07.22 21:38 A C:\WINDOWS\Desktop\Cac Upgrades FTP\scripts\admin\redeemmgr.php --> reading4cash.com /www/scripts/admin redeemmgr.php
2002.07.22 21:38 A C:\WINDOWS\Desktop\Cac Upgrades FTP\scripts\admin\startpage.php --> reading4cash.com /www/scripts/admin startpage.php
2002.07.22 21:38 A C:\WINDOWS\Desktop\Cac Upgrades FTP\scripts\admin\transactions.php --> reading4cash.com /www/scripts/admin transactions.php
2002.07.22 21:38 A C:\WINDOWS\Desktop\Cac Upgrades FTP\scripts\admin\updatecheck.php --> reading4cash.com /www/scripts/admin updatecheck.php
2002.07.22 21:38 A C:\WINDOWS\Desktop\Cac Upgrades FTP\scripts\admin\usermanager.php --> reading4cash.com /www/scripts/admin usermanager.php
2002.07.22 21:38 A C:\WINDOWS\Desktop\Cac Upgrades FTP\scripts\admin\viewuser.php --> reading4cash.com /www/scripts/admin viewuser.php
2002.07.22 21:38 A C:\WINDOWS\Desktop\Cac Upgrades FTP\scripts\admin\WS_FTP.LOG --> reading4cash.com /www/scripts/admin WS_FTP.LOG
2002.07.25 17:12 A C:\WINDOWS\Desktop\Cac Upgrades FTP\scripts\admin\admgr.php --> penniesbyemail.com /scripts/admin admgr.php
2002.07.25 17:12 A C:\WINDOWS\Desktop\Cac Upgrades FTP\scripts\admin\backup.php --> penniesbyemail.com /scripts/admin backup.php
2002.07.25 17:12 A C:\WINDOWS\Desktop\Cac Upgrades FTP\scripts\admin\cashearnings.php --> penniesbyemail.com /scripts/admin cashearnings.php
2002.07.25 17:12 A C:\WINDOWS\Desktop\Cac Upgrades FTP\scripts\admin\create.php --> penniesbyemail.com /scripts/admin create.php
2002.07.25 17:12 A C:\WINDOWS\Desktop\Cac Upgrades FTP\scripts\admin\cronjobs.php --> penniesbyemail.com /scripts/admin cronjobs.php
2002.07.25 17:12 A C:\WINDOWS\Desktop\Cac Upgrades FTP\scripts\admin\emailadmgr.php --> penniesbyemail.com /scripts/admin emailadmgr.php
2002.07.25 17:12 A C:\WINDOWS\Desktop\Cac Upgrades FTP\scripts\admin\index.php --> penniesbyemail.com /scripts/admin index.php
2002.07.25 17:12 A C:\WINDOWS\Desktop\Cac Upgrades FTP\scripts\admin\massmail.php --> penniesbyemail.com /scripts/admin massmail.php
2002.07.25 17:12 A C:\WINDOWS\Desktop\Cac Upgrades FTP\scripts\admin\pointearnings.php --> penniesbyemail.com /scripts/admin pointearnings.php
2002.07.25 17:12 A C:\WINDOWS\Desktop\Cac Upgrades FTP\scripts\admin\ptcadmgr.php --> penniesbyemail.com /scripts/admin ptcadmgr.php
2002.07.25 17:12 A C:\WINDOWS\Desktop\Cac Upgrades FTP\scripts\admin\redeemmgr.php --> penniesbyemail.com /scripts/admin redeemmgr.php
2002.07.25 17:12 A C:\WINDOWS\Desktop\Cac Upgrades FTP\scripts\admin\startpage.php --> penniesbyemail.com /scripts/admin startpage.php
2002.07.25 17:12 A C:\WINDOWS\Desktop\Cac Upgrades FTP\scripts\admin\transactions.php --> penniesbyemail.com /scripts/admin transactions.php
2002.07.25 17:12 A C:\WINDOWS\Desktop\Cac Upgrades FTP\scripts\admin\updatecheck.php --> penniesbyemail.com /scripts/admin updatecheck.php
2002.07.25 17:12 A C:\WINDOWS\Desktop\Cac Upgrades FTP\scripts\admin\usermanager.php --> penniesbyemail.com /scripts/admin usermanager.php
2002.07.25 17:12 A C:\WINDOWS\Desktop\Cac Upgrades FTP\scripts\admin\viewuser.php --> penniesbyemail.com /scripts/admin viewuser.php
2002.07.25 17:12 A C:\WINDOWS\Desktop\Cac Upgrades FTP\scripts\admin\WS_FTP.LOG --> penniesbyemail.com /scripts/admin WS_FTP.LOG
2002.07.26 06:03 A C:\WINDOWS\Desktop\Cac Upgrades FTP\scripts\admin\admgr.php --> emailpaysonline.com /www/scripts/admin admgr.php
2002.07.26 06:03 A C:\WINDOWS\Desktop\Cac Upgrades FTP\scripts\admin\backup.php --> emailpaysonline.com /www/scripts/admin backup.php
2002.07.26 06:03 A C:\WINDOWS\Desktop\Cac Upgrades FTP\scripts\admin\cashearnings.php --> emailpaysonline.com /www/scripts/admin cashearnings.php
2002.07.26 06:03 A C:\WINDOWS\Desktop\Cac Upgrades FTP\scripts\admin\create.php --> emailpaysonline.com /www/scripts/admin create.php
2002.07.26 06:03 A C:\WINDOWS\Desktop\Cac Upgrades FTP\scripts\admin\cronjobs.php --> emailpaysonline.com /www/scripts/admin cronjobs.php
2002.07.26 06:03 A C:\WINDOWS\Desktop\Cac Upgrades FTP\scripts\admin\emailadmgr.php --> emailpaysonline.com /www/scripts/admin emailadmgr.php
2002.07.26 06:03 A C:\WINDOWS\Desktop\Cac Upgrades FTP\scripts\admin\index.php --> emailpaysonline.com /www/scripts/admin index.php
2002.07.26 06:03 A C:\WINDOWS\Desktop\Cac Upgrades FTP\scripts\admin\massmail.php --> emailpaysonline.com /www/scripts/admin massmail.php
2002.07.26 06:03 A C:\WINDOWS\Desktop\Cac Upgrades FTP\scripts\admin\pointearnings.php --> emailpaysonline.com /www/scripts/admin pointearnings.php
2002.07.26 06:03 A C:\WINDOWS\Desktop\Cac Upgrades FTP\scripts\admin\ptcadmgr.php --> emailpaysonline.com /www/scripts/admin ptcadmgr.php
2002.07.26 06:03 A C:\WINDOWS\Desktop\Cac Upgrades FTP\scripts\admin\redeemmgr.php --> emailpaysonline.com /www/scripts/admin redeemmgr.php
2002.07.26 06:03 A C:\WINDOWS\Desktop\Cac Upgrades FTP\scripts\admin\startpage.php --> emailpaysonline.com /www/scripts/admin startpage.php
2002.07.26 06:03 A C:\WINDOWS\Desktop\Cac Upgrades FTP\scripts\admin\transactions.php --> emailpaysonline.com /www/scripts/admin transactions.php
2002.07.26 06:04 A C:\WINDOWS\Desktop\Cac Upgrades FTP\scripts\admin\updatecheck.php --> emailpaysonline.com /www/scripts/admin updatecheck.php
2002.07.26 06:04 A C:\WINDOWS\Desktop\Cac Upgrades FTP\scripts\admin\usermanager.php --> emailpaysonline.com /www/scripts/admin usermanager.php
2002.07.26 06:04 A C:\WINDOWS\Desktop\Cac Upgrades FTP\scripts\admin\viewuser.php --> emailpaysonline.com /www/scripts/admin viewuser.php
2002.07.26 06:04 A C:\WINDOWS\Desktop\Cac Upgrades FTP\scripts\admin\WS_FTP.LOG --> emailpaysonline.com /www/scripts/admin WS_FTP.LOG
2002.07.28 21:45 A C:\WINDOWS\Desktop\Cac Upgrades FTP\scripts\admin\admgr.php --> emaillionairesemail.com /public_html/scripts/admin admgr.php
2002.07.28 21:46 A C:\WINDOWS\Desktop\Cac Upgrades FTP\scripts\admin\backup.php --> emaillionairesemail.com /public_html/scripts/admin backup.php
2002.07.28 21:46 A C:\WINDOWS\Desktop\Cac Upgrades FTP\scripts\admin\cashearnings.php --> emaillionairesemail.com /public_html/scripts/admin cashearnings.php
2002.07.28 21:46 A C:\WINDOWS\Desktop\Cac Upgrades FTP\scripts\admin\create.php --> emaillionairesemail.com /public_html/scripts/admin create.php
2002.07.28 21:46 A C:\WINDOWS\Desktop\Cac Upgrades FTP\scripts\admin\cronjobs.php --> emaillionairesemail.com /public_html/scripts/admin cronjobs.php
2002.07.28 21:46 A C:\WINDOWS\Desktop\Cac Upgrades FTP\scripts\admin\emailadmgr.php --> emaillionairesemail.com /public_html/scripts/admin emailadmgr.php
2002.07.28 21:46 A C:\WINDOWS\Desktop\Cac Upgrades FTP\scripts\admin\index.php --> emaillionairesemail.com /public_html/scripts/admin index.php
2002.07.28 21:46 A C:\WINDOWS\Desktop\Cac Upgrades FTP\scripts\admin\massmail.php --> emaillionairesemail.com /public_html/scripts/admin massmail.php
2002.07.28 21:46 A C:\WINDOWS\Desktop\Cac Upgrades FTP\scripts\admin\pointearnings.php --> emaillionairesemail.com /public_html/scripts/admin pointearnings.php
2002.07.28 21:46 A C:\WINDOWS\Desktop\Cac Upgrades FTP\scripts\admin\ptcadmgr.php --> emaillionairesemail.com /public_html/scripts/admin ptcadmgr.php
2002.07.28 21:46 A C:\WINDOWS\Desktop\Cac Upgrades FTP\scripts\admin\redeemmgr.php --> emaillionairesemail.com /public_html/scripts/admin redeemmgr.php
2002.07.28 21:46 A C:\WINDOWS\Desktop\Cac Upgrades FTP\scripts\admin\startpage.php --> emaillionairesemail.com /public_html/scripts/admin startpage.php
2002.07.28 21:46 A C:\WINDOWS\Desktop\Cac Upgrades FTP\scripts\admin\transactions.php --> emaillionairesemail.com /public_html/scripts/admin transactions.php
2002.07.28 21:46 A C:\WINDOWS\Desktop\Cac Upgrades FTP\scripts\admin\updatecheck.php --> emaillionairesemail.com /public_html/scripts/admin updatecheck.php
2002.07.28 21:46 A C:\WINDOWS\Desktop\Cac Upgrades FTP\scripts\admin\usermanager.php --> emaillionairesemail.com /public_html/scripts/admin usermanager.php
2002.07.28 21:46 A C:\WINDOWS\Desktop\Cac Upgrades FTP\scripts\admin\viewuser.php --> emaillionairesemail.com /public_html/scripts/admin viewuser.php
2002.07.28 21:46 A C:\WINDOWS\Desktop\Cac Upgrades FTP\scripts\admin\WS_FTP.LOG --> emaillionairesemail.com /public_html/scripts/admin WS_FTP.LOG
