2002.03.22 21:07 A C:\WINDOWS\Desktop\eztgp\eztgp\blacklist.txt --> wankzone.com /var/www/cgi-bin/eztgp blacklist.txt
2002.03.22 21:07 A C:\WINDOWS\Desktop\eztgp\eztgp\count.txt --> wankzone.com /var/www/cgi-bin/eztgp count.txt
2002.03.22 21:07 A C:\WINDOWS\Desktop\eztgp\eztgp\database.txt --> wankzone.com /var/www/cgi-bin/eztgp database.txt
2002.03.22 21:07 A C:\WINDOWS\Desktop\eztgp\eztgp\email.txt --> wankzone.com /var/www/cgi-bin/eztgp email.txt
2002.03.22 21:07 A C:\WINDOWS\Desktop\eztgp\eztgp\eztgp.cgi --> wankzone.com /var/www/cgi-bin/eztgp eztgp.cgi
2002.03.22 21:07 A C:\WINDOWS\Desktop\eztgp\eztgp\index.html --> wankzone.com /var/www/cgi-bin/eztgp index.html
2002.03.22 21:07 A C:\WINDOWS\Desktop\eztgp\eztgp\readme.txt --> wankzone.com /var/www/cgi-bin/eztgp readme.txt
2002.03.22 21:07 A C:\WINDOWS\Desktop\eztgp\eztgp\sub.html --> wankzone.com /var/www/cgi-bin/eztgp sub.html
2002.03.22 21:07 A C:\WINDOWS\Desktop\eztgp\eztgp\trade.cgi --> wankzone.com /var/www/cgi-bin/eztgp trade.cgi
2002.03.22 21:07 A C:\WINDOWS\Desktop\eztgp\eztgp\variables.cgi --> wankzone.com /var/www/cgi-bin/eztgp variables.cgi
2002.03.22 21:07 A C:\WINDOWS\Desktop\eztgp\eztgp\whereami.cgi --> wankzone.com /var/www/cgi-bin/eztgp whereami.cgi
2002.03.22 21:13 A C:\WINDOWS\Desktop\eztgp\eztgp\sub.html --> wankzone.com /var/www/html sub.html
2002.03.22 21:13 A C:\WINDOWS\Desktop\eztgp\eztgp\index.html --> wankzone.com /var/www/html index.html
2002.03.22 21:16 A C:\WINDOWS\Desktop\eztgp\eztgp\index.html --> wankzone.com /var/www/html index.html
2002.03.22 21:17 A C:\WINDOWS\Desktop\eztgp\eztgp\sub.html --> wankzone.com /var/www/html sub.html
2002.03.22 21:27 A C:\WINDOWS\Desktop\eztgp\eztgp\variables.cgi --> wankzone.com /var/www/cgi-bin/eztgp variables.cgi
2002.03.22 21:41 A C:\WINDOWS\Desktop\eztgp\eztgp\index.html --> wankzone.com /var/www/html index.html
2002.03.22 21:50 A C:\WINDOWS\Desktop\eztgp\eztgp\eztgp.cgi --> wankzone.com /var/www/cgi-bin/eztgp eztgp.cgi
2002.03.22 21:54 A C:\WINDOWS\Desktop\eztgp\eztgp\eztgp.cgi --> wankzone.com /var/www/cgi-bin/eztgp eztgp.cgi
2002.03.22 21:55 A C:\WINDOWS\Desktop\eztgp\eztgp\eztgp.cgi --> wankzone.com /var/www/cgi-bin/eztgp eztgp.cgi
2002.03.22 21:57 A C:\WINDOWS\Desktop\eztgp\eztgp\eztgp.cgi --> wankzone.com /var/www/cgi-bin/eztgp eztgp.cgi
2002.03.22 21:58 A C:\WINDOWS\Desktop\eztgp\eztgp\email.txt <-- WANKZONE /var/www/cgi-bin/eztgp email.txt
2002.03.22 21:59 A C:\WINDOWS\Desktop\eztgp\eztgp\email.txt --> wankzone.com /var/www/cgi-bin/eztgp email.txt
2002.03.22 22:00 A C:\WINDOWS\Desktop\eztgp\eztgp\email.txt --> wankzone.com /var/www/cgi-bin/eztgp email.txt
