2005.08.16 23:47 B d:\Program Files\Apache Group\Apache\htdocs\openbiz\bin\dompdf\www\images\Thumbs.db --> phpopenbiz.org /public_html/bin/dompdf/www/images Thumbs.db
2005.08.16 23:47 B d:\Program Files\Apache Group\Apache\htdocs\openbiz\bin\dompdf\www\images\xhtml10.png --> phpopenbiz.org /public_html/bin/dompdf/www/images xhtml10.png
2005.08.16 23:47 B d:\Program Files\Apache Group\Apache\htdocs\openbiz\bin\dompdf\www\images\v_bar.gif --> phpopenbiz.org /public_html/bin/dompdf/www/images v_bar.gif
2005.08.16 23:47 B d:\Program Files\Apache Group\Apache\htdocs\openbiz\bin\dompdf\www\images\title.gif --> phpopenbiz.org /public_html/bin/dompdf/www/images title.gif
2005.08.16 23:47 B d:\Program Files\Apache Group\Apache\htdocs\openbiz\bin\dompdf\www\images\star_05.gif --> phpopenbiz.org /public_html/bin/dompdf/www/images star_05.gif
2005.08.16 23:47 B d:\Program Files\Apache Group\Apache\htdocs\openbiz\bin\dompdf\www\images\star_04.gif --> phpopenbiz.org /public_html/bin/dompdf/www/images star_04.gif
2005.08.16 23:47 B d:\Program Files\Apache Group\Apache\htdocs\openbiz\bin\dompdf\www\images\star_03.gif --> phpopenbiz.org /public_html/bin/dompdf/www/images star_03.gif
2005.08.16 23:47 B d:\Program Files\Apache Group\Apache\htdocs\openbiz\bin\dompdf\www\images\star_02.gif --> phpopenbiz.org /public_html/bin/dompdf/www/images star_02.gif
2005.08.16 23:47 B d:\Program Files\Apache Group\Apache\htdocs\openbiz\bin\dompdf\www\images\star_01.gif --> phpopenbiz.org /public_html/bin/dompdf/www/images star_01.gif
2005.08.16 23:47 B d:\Program Files\Apache Group\Apache\htdocs\openbiz\bin\dompdf\www\images\small_logo.png --> phpopenbiz.org /public_html/bin/dompdf/www/images small_logo.png
2005.08.16 23:47 B d:\Program Files\Apache Group\Apache\htdocs\openbiz\bin\dompdf\www\images\php5-power-micro.png --> phpopenbiz.org /public_html/bin/dompdf/www/images php5-power-micro.png
2005.08.16 23:47 B d:\Program Files\Apache Group\Apache\htdocs\openbiz\bin\dompdf\www\images\logo.png --> phpopenbiz.org /public_html/bin/dompdf/www/images logo.png
2005.08.16 23:47 B d:\Program Files\Apache Group\Apache\htdocs\openbiz\bin\dompdf\www\images\left_arrow.gif --> phpopenbiz.org /public_html/bin/dompdf/www/images left_arrow.gif
2005.08.16 23:47 B d:\Program Files\Apache Group\Apache\htdocs\openbiz\bin\dompdf\www\images\h_bar.gif --> phpopenbiz.org /public_html/bin/dompdf/www/images h_bar.gif
2005.08.16 23:47 B d:\Program Files\Apache Group\Apache\htdocs\openbiz\bin\dompdf\www\images\favicon.png --> phpopenbiz.org /public_html/bin/dompdf/www/images favicon.png
2005.08.16 23:47 B d:\Program Files\Apache Group\Apache\htdocs\openbiz\bin\dompdf\www\images\favicon.ico --> phpopenbiz.org /public_html/bin/dompdf/www/images favicon.ico
2005.08.16 23:47 B d:\Program Files\Apache Group\Apache\htdocs\openbiz\bin\dompdf\www\images\dompdf_simple.png --> phpopenbiz.org /public_html/bin/dompdf/www/images dompdf_simple.png
2005.08.16 23:47 B d:\Program Files\Apache Group\Apache\htdocs\openbiz\bin\dompdf\www\images\css2.png --> phpopenbiz.org /public_html/bin/dompdf/www/images css2.png
2005.08.16 23:47 B d:\Program Files\Apache Group\Apache\htdocs\openbiz\bin\dompdf\www\images\arrow_06.gif --> phpopenbiz.org /public_html/bin/dompdf/www/images arrow_06.gif
2005.08.16 23:47 B d:\Program Files\Apache Group\Apache\htdocs\openbiz\bin\dompdf\www\images\arrow_05.gif --> phpopenbiz.org /public_html/bin/dompdf/www/images arrow_05.gif
2005.08.16 23:47 B d:\Program Files\Apache Group\Apache\htdocs\openbiz\bin\dompdf\www\images\arrow_04.gif --> phpopenbiz.org /public_html/bin/dompdf/www/images arrow_04.gif
2005.08.16 23:47 B d:\Program Files\Apache Group\Apache\htdocs\openbiz\bin\dompdf\www\images\arrow_03.gif --> phpopenbiz.org /public_html/bin/dompdf/www/images arrow_03.gif
2005.08.16 23:47 B d:\Program Files\Apache Group\Apache\htdocs\openbiz\bin\dompdf\www\images\arrow_02.gif --> phpopenbiz.org /public_html/bin/dompdf/www/images arrow_02.gif
2005.08.16 23:47 B d:\Program Files\Apache Group\Apache\htdocs\openbiz\bin\dompdf\www\images\arrow_01.gif --> phpopenbiz.org /public_html/bin/dompdf/www/images arrow_01.gif
