102.09.13 12:58 B C:\www\fuselogic\haltebis.com\tools\fbx_Switch.php --> ekobudi.phpwebhosting.com /www/fuselogic/haltebis.com/tools fbx_Switch.php
102.09.21 00:53 B C:\www\fuselogic\haltebis.com\tools\fbx_Switch.php --> ekobudi.phpwebhosting.com /www/fuselogic/haltebis.com/tools fbx_Switch.php
102.09.21 00:53 B C:\www\fuselogic\haltebis.com\tools\WS_FTP.LOG --> ekobudi.phpwebhosting.com /www/fuselogic/haltebis.com/tools WS_FTP.LOG
103.01.05 00:57 B C:\www\test.com\tools\mglobalson.php --> ekobudi.phpwebhosting.com /www/haltebis.com1/tools mglobalson.php
103.01.05 00:57 B C:\www\test.com\tools\patTemplate.php --> ekobudi.phpwebhosting.com /www/haltebis.com1/tools patTemplate.php
103.01.05 00:57 B C:\www\test.com\tools\switch.php --> ekobudi.phpwebhosting.com /www/haltebis.com1/tools switch.php
103.01.05 00:57 B C:\www\test.com\tools\WS_FTP.LOG --> ekobudi.phpwebhosting.com /www/haltebis.com1/tools WS_FTP.LOG
103.01.21 22:14 B C:\www\haltebis.com1\tools\class.patTemplate1.php --> ekobudi.phpwebhosting.com /www/haltebis.com1/tools class.patTemplate1.php
103.01.21 22:14 B C:\www\haltebis.com1\tools\switch.php --> ekobudi.phpwebhosting.com /www/haltebis.com1/tools switch.php
103.01.23 20:54 B C:\www\haltebis.com1\tools\2.40.class.pattemplate.php --> ekobudi.phpwebhosting.com /www/haltebis.com1/tools 2.40.class.pattemplate.php
103.01.23 20:54 B C:\www\haltebis.com1\tools\switch.php --> ekobudi.phpwebhosting.com /www/haltebis.com1/tools switch.php
103.02.13 08:15 B C:\www\haltebis.com1\tools\switch.php --> ekobudi.phpwebhosting.com /www/haltebis.com1/tools switch.php
103.02.13 08:15 B C:\www\haltebis.com1\tools\class.cookie.0.01.php --> ekobudi.phpwebhosting.com /www/haltebis.com1/tools class.cookie.0.01.php
103.02.18 14:54 B C:\www\haltebis.com1\tools\function.singleton.php --> ekobudi.phpwebhosting.com /www/haltebis.com1/tools function.singleton.php
103.02.20 19:53 B C:\www\haltebis.com1\tools\switch.php --> ekobudi.phpwebhosting.com /www/haltebis.com1/tools switch.php
103.02.20 19:53 B C:\www\haltebis.com1\tools\class.md5.php --> ekobudi.phpwebhosting.com /www/haltebis.com1/tools class.md5.php
103.02.20 19:54 B C:\www\haltebis.com1\tools\test.php --> ekobudi.phpwebhosting.com /www/haltebis.com1/tools test.php
103.02.20 19:55 B C:\www\haltebis.com1\tools\class.cookie.0.01.php <-- spruce.phpwebhosting.com /www/haltebis.com1/tools class.cookie.0.01.php
103.02.20 19:55 B C:\www\haltebis.com1\tools\test.php --> ekobudi.phpwebhosting.com /www/haltebis.com1/tools test.php
103.02.20 20:10 B C:\www\haltebis.com1\tools\switch.php --> ekobudi.phpwebhosting.com /www/haltebis.com1/tools switch.php
103.02.21 20:59 B C:\www\haltebis.com1\tools\class.md5.php --> ekobudi.phpwebhosting.com /www/haltebis.com1/tools class.md5.php
103.02.21 21:08 B C:\www\haltebis.com1\tools\class.md5.php --> ekobudi.phpwebhosting.com /www/haltebis.com1/tools class.md5.php
103.02.21 22:16 B C:\www\haltebis.com1\tools\test.php --> ekobudi.phpwebhosting.com /www/haltebis.com1/tools test.php
103.03.30 17:17 B C:\www\haltebis.com1\tools\switch.php --> ekobudi.phpwebhosting.com /www/haltebis.com1/tools switch.php
103.03.31 21:52 B C:\www\haltebis.com1\tools\switch.php --> ekobudi.phpwebhosting.com /www/haltebis.com1/tools switch.php
103.04.04 20:53 B C:\www\haltebis.com1\tools\switch.php --> ekobudi.phpwebhosting.com /www/haltebis.com1/tools switch.php
103.04.04 22:07 B C:\www\haltebis.com1\tools\setting.php --> ekobudi.phpwebhosting.com /www/haltebis.com1/tools setting.php
103.04.04 22:08 B C:\www\haltebis.com1\tools\switch.php --> ekobudi.phpwebhosting.com /www/haltebis.com1/tools switch.php
103.04.05 09:50 B C:\www\haltebis.com1\tools\haltebis_setting.php --> ekobudi.phpwebhosting.com /www/haltebis.com1/tools haltebis_setting.php
103.04.05 09:50 B C:\www\haltebis.com1\tools\switch.php --> ekobudi.phpwebhosting.com /www/haltebis.com1/tools switch.php
103.04.06 06:59 B C:\www\haltebis.com1\tools\2.40.class.pattemplate.php --> ekobudi.phpwebhosting.com /www/haltebis.com1/tools 2.40.class.pattemplate.php
103.04.06 07:06 B C:\www\haltebis.com1\tools\2.40.class.pattemplate.php --> ekobudi.phpwebhosting.com /www/haltebis.com1/tools 2.40.class.pattemplate.php
103.04.12 09:44 B C:\www\haltebis.com1\tools\url.php --> ekobudi.phpwebhosting.com /www/haltebis.com1/tools url.php
103.04.12 09:44 B C:\www\haltebis.com1\tools\switch.php --> ekobudi.phpwebhosting.com /www/haltebis.com1/tools switch.php
103.04.12 09:57 B C:\www\haltebis.com1\tools\url.php --> ekobudi.phpwebhosting.com /www/haltebis.com1/tools url.php
103.04.12 14:45 B C:\www\haltebis.com1\tools\url.php --> ekobudi.phpwebhosting.com /www/haltebis.com1/tools url.php
103.04.24 20:43 B C:\www\haltebis.com1\tools\url.php --> ekobudi.phpwebhosting.com /www/haltebis.com1/tools url.php
103.04.24 20:44 B C:\www\haltebis.com1\tools\url.php --> ekobudi.phpwebhosting.com /www/haltebis.com1/tools url.php
103.04.27 04:13 B C:\www\haltebis.com1\tools\switch.php --> ekobudi.phpwebhosting.com /www/haltebis.com1/tools switch.php
103.04.27 04:15 B C:\www\haltebis.com1\tools\switch.php --> ekobudi.phpwebhosting.com /www/haltebis.com1/tools switch.php
103.05.11 11:49 B C:\www\haltebis.com1\tools\url.php --> ekobudi.phpwebhosting.com /www/haltebis.com1/tools url.php
103.05.11 11:55 B C:\www\haltebis.com1\tools\test.url.php --> ekobudi.phpwebhosting.com /www/haltebis.com1/tools test.url.php
103.05.11 11:55 B C:\www\haltebis.com1\tools\switch.php --> ekobudi.phpwebhosting.com /www/haltebis.com1/tools switch.php
103.05.11 11:59 B C:\www\haltebis.com1\tools\url.php --> ekobudi.phpwebhosting.com /www/haltebis.com1/tools url.php
103.05.11 12:00 B C:\www\haltebis.com1\tools\test.url.php --> ekobudi.phpwebhosting.com /www/haltebis.com1/tools test.url.php
103.05.11 12:00 B C:\www\haltebis.com1\tools\url.php --> ekobudi.phpwebhosting.com /www/haltebis.com1/tools url.php
103.05.11 12:01 B C:\www\haltebis.com1\tools\test.url.php --> ekobudi.phpwebhosting.com /www/haltebis.com1/tools test.url.php
103.05.11 12:02 B C:\www\haltebis.com1\tools\test.url.php --> ekobudi.phpwebhosting.com /www/haltebis.com1/tools test.url.php
103.05.11 12:04 B C:\www\haltebis.com1\tools\switch.php --> ekobudi.phpwebhosting.com /www/haltebis.com1/tools switch.php
103.05.11 12:06 B C:\www\haltebis.com1\tools\test.url.php --> ekobudi.phpwebhosting.com /www/haltebis.com1/tools test.url.php
103.05.11 12:07 B C:\www\haltebis.com1\tools\url.php --> ekobudi.phpwebhosting.com /www/haltebis.com1/tools url.php
103.05.11 12:07 B C:\www\haltebis.com1\tools\switch.php --> ekobudi.phpwebhosting.com /www/haltebis.com1/tools switch.php
103.05.11 13:06 B C:\www\haltebis.com1\tools\test.url.php --> ekobudi.phpwebhosting.com /www/haltebis.com1/tools test.url.php
103.05.11 13:09 B C:\www\haltebis.com1\tools\test.url.php --> ekobudi.phpwebhosting.com /www/haltebis.com1/tools test.url.php
103.05.11 13:10 B C:\www\haltebis.com1\tools\test.url.php --> ekobudi.phpwebhosting.com /www/haltebis.com1/tools test.url.php
103.05.11 13:15 B C:\www\haltebis.com1\tools\test.url.php --> ekobudi.phpwebhosting.com /www/haltebis.com1/tools test.url.php
103.05.19 00:20 B C:\www\haltebis.com1\modules\tools\subdomainname.php --> ekobudi.phpwebhosting.com /www/haltebis.com1/tools subdomainname.php
103.05.19 00:20 B C:\www\haltebis.com1\modules\tools\switch.php --> ekobudi.phpwebhosting.com /www/haltebis.com1/tools switch.php
103.05.24 11:56 B C:\www\haltebis.com1\modules\tools\url.php --> ekobudi.phpwebhosting.com /www/haltebis.com1/tools url.php
103.05.24 13:28 B C:\www\haltebis.com1\modules\tools\url.php --> ekobudi.phpwebhosting.com /www/haltebis.com1/tools url.php
103.05.24 13:53 B C:\www\haltebis.com1\modules\tools\2.40.class.pattemplate.php --> ekobudi.phpwebhosting.com /www/haltebis.com1/modules/tools 2.40.class.pattemplate.php
103.05.24 13:53 B C:\www\haltebis.com1\modules\tools\b0.05.class.domain.php --> ekobudi.phpwebhosting.com /www/haltebis.com1/modules/tools b0.05.class.domain.php
103.05.24 13:53 B C:\www\haltebis.com1\modules\tools\class.cookie.0.01.php --> ekobudi.phpwebhosting.com /www/haltebis.com1/modules/tools class.cookie.0.01.php
103.05.24 13:53 B C:\www\haltebis.com1\modules\tools\class.md5.php --> ekobudi.phpwebhosting.com /www/haltebis.com1/modules/tools class.md5.php
103.05.24 13:53 B C:\www\haltebis.com1\modules\tools\class.patTemplate1.php --> ekobudi.phpwebhosting.com /www/haltebis.com1/modules/tools class.patTemplate1.php
103.05.24 13:54 B C:\www\haltebis.com1\modules\tools\class.url.php --> ekobudi.phpwebhosting.com /www/haltebis.com1/modules/tools class.url.php
103.05.24 13:54 B C:\www\haltebis.com1\modules\tools\class.validator.php --> ekobudi.phpwebhosting.com /www/haltebis.com1/modules/tools class.validator.php
103.05.24 13:54 B C:\www\haltebis.com1\modules\tools\example.validator.php --> ekobudi.phpwebhosting.com /www/haltebis.com1/modules/tools example.validator.php
103.05.24 13:54 B C:\www\haltebis.com1\modules\tools\form.validator.php --> ekobudi.phpwebhosting.com /www/haltebis.com1/modules/tools form.validator.php
103.05.24 13:54 B C:\www\haltebis.com1\modules\tools\function.singleton.php --> ekobudi.phpwebhosting.com /www/haltebis.com1/modules/tools function.singleton.php
103.05.24 13:54 B C:\www\haltebis.com1\modules\tools\mglobalson.php --> ekobudi.phpwebhosting.com /www/haltebis.com1/modules/tools mglobalson.php
103.05.24 13:54 B C:\www\haltebis.com1\modules\tools\patTemplate.php --> ekobudi.phpwebhosting.com /www/haltebis.com1/modules/tools patTemplate.php
103.05.24 13:54 B C:\www\haltebis.com1\modules\tools\subdomainname.php --> ekobudi.phpwebhosting.com /www/haltebis.com1/modules/tools subdomainname.php
103.05.24 13:54 B C:\www\haltebis.com1\modules\tools\switch.php --> ekobudi.phpwebhosting.com /www/haltebis.com1/modules/tools switch.php
103.05.24 13:54 B C:\www\haltebis.com1\modules\tools\test.url.php --> ekobudi.phpwebhosting.com /www/haltebis.com1/modules/tools test.url.php
103.05.24 13:54 B C:\www\haltebis.com1\modules\tools\url.php --> ekobudi.phpwebhosting.com /www/haltebis.com1/modules/tools url.php
