2002.11.30 22:32 A C:\Documents and Settings\Alec\Desktop\v1\changepass.php --> edgepanel.com /httpdocs/test changepass.php
2002.11.30 22:32 A C:\Documents and Settings\Alec\Desktop\v1\chatpost.php --> edgepanel.com /httpdocs/test chatpost.php
2002.11.30 22:32 A C:\Documents and Settings\Alec\Desktop\v1\chatscript.php --> edgepanel.com /httpdocs/test chatscript.php
2002.11.30 22:32 A C:\Documents and Settings\Alec\Desktop\v1\chattext.php --> edgepanel.com /httpdocs/test chattext.php
2002.11.30 22:32 A C:\Documents and Settings\Alec\Desktop\v1\exitchat.php --> edgepanel.com /httpdocs/test exitchat.php
2002.11.30 22:32 A C:\Documents and Settings\Alec\Desktop\v1\forgotpass.php --> edgepanel.com /httpdocs/test forgotpass.php
2002.11.30 22:32 A C:\Documents and Settings\Alec\Desktop\v1\index.php --> edgepanel.com /httpdocs/test index.php
2002.11.30 22:32 A C:\Documents and Settings\Alec\Desktop\v1\install.php --> edgepanel.com /httpdocs/test install.php
2002.11.30 22:32 A C:\Documents and Settings\Alec\Desktop\v1\livechat.php --> edgepanel.com /httpdocs/test livechat.php
2002.11.30 22:32 A C:\Documents and Settings\Alec\Desktop\v1\login.php --> edgepanel.com /httpdocs/test login.php
2002.11.30 22:32 A C:\Documents and Settings\Alec\Desktop\v1\logout.php --> edgepanel.com /httpdocs/test logout.php
2002.11.30 22:32 A C:\Documents and Settings\Alec\Desktop\v1\news.php --> edgepanel.com /httpdocs/test news.php
2002.11.30 22:32 A C:\Documents and Settings\Alec\Desktop\v1\newticket.php --> edgepanel.com /httpdocs/test newticket.php
2002.11.30 22:32 A C:\Documents and Settings\Alec\Desktop\v1\openchat.php --> edgepanel.com /httpdocs/test openchat.php
2002.11.30 22:32 A C:\Documents and Settings\Alec\Desktop\v1\README.txt --> edgepanel.com /httpdocs/test README.txt
2002.11.30 22:32 A C:\Documents and Settings\Alec\Desktop\v1\servernews.php --> edgepanel.com /httpdocs/test servernews.php
2002.11.30 22:32 A C:\Documents and Settings\Alec\Desktop\v1\serverstatus.php --> edgepanel.com /httpdocs/test serverstatus.php
2002.11.30 22:32 A C:\Documents and Settings\Alec\Desktop\v1\userchatconsole.php --> edgepanel.com /httpdocs/test userchatconsole.php
2002.11.30 22:32 A C:\Documents and Settings\Alec\Desktop\v1\viewticket.php --> edgepanel.com /httpdocs/test viewticket.php
2002.11.30 22:32 A C:\Documents and Settings\Alec\Desktop\v1\viewtickets.php --> edgepanel.com /httpdocs/test viewtickets.php
