103.03.21 23:43 B C:\www\haltebis.com1\display\browser\browser.php --> ekobudi.phpwebhosting.com /www/haltebis.com1/display/browser browser.php
103.03.21 23:43 B C:\www\haltebis.com1\display\browser\css.php --> ekobudi.phpwebhosting.com /www/haltebis.com1/display/browser css.php
103.03.23 00:04 B C:\www\haltebis.com1\display\browser\browser.php --> ekobudi.phpwebhosting.com /www/haltebis.com1/display/browser browser.php
103.03.26 03:29 B C:\www\haltebis.com1\display\browser\browser.php --> ekobudi.phpwebhosting.com /www/haltebis.com1/display/browser browser.php
103.04.15 18:58 B C:\www\haltebis.com1\display\browser\css.php --> ekobudi.phpwebhosting.com /www/haltebis.com1/display/browser css.php
103.04.27 03:09 B C:\www\haltebis.com1\display\browser\browser_css.php --> ekobudi.phpwebhosting.com /www/haltebis.com1/display/browser browser_css.php
103.05.04 00:41 B C:\www\haltebis.com1\display\browser\css.php --> ekobudi.phpwebhosting.com /www/haltebis.com1/display/browser css.php
103.05.04 00:43 B C:\www\haltebis.com1\display\browser\css.php --> ekobudi.phpwebhosting.com /www/haltebis.com1/display/browser css.php
103.05.04 00:44 B C:\www\haltebis.com1\display\browser\css.php --> ekobudi.phpwebhosting.com /www/haltebis.com1/display/browser css.php
103.05.04 00:46 B C:\www\haltebis.com1\display\browser\browser_css.php --> ekobudi.phpwebhosting.com /www/haltebis.com1/display/browser browser_css.php
103.05.09 21:15 B C:\www\haltebis.com1\display\browser\css.php --> ekobudi.phpwebhosting.com /www/haltebis.com1/display/browser css.php
103.05.09 21:20 B C:\www\haltebis.com1\display\browser\css.php --> ekobudi.phpwebhosting.com /www/haltebis.com1/display/browser css.php
103.05.24 13:40 B C:\www\haltebis.com1\modules\display\browser\browser.php --> ekobudi.phpwebhosting.com /www/haltebis.com1/modules/display/browser browser.php
103.05.24 13:40 B C:\www\haltebis.com1\modules\display\browser\browser_css.php --> ekobudi.phpwebhosting.com /www/haltebis.com1/modules/display/browser browser_css.php
103.05.24 13:40 B C:\www\haltebis.com1\modules\display\browser\css.php --> ekobudi.phpwebhosting.com /www/haltebis.com1/modules/display/browser css.php
103.05.24 13:40 B C:\www\haltebis.com1\modules\display\browser\WS_FTP.LOG --> ekobudi.phpwebhosting.com /www/haltebis.com1/modules/display/browser WS_FTP.LOG
103.05.24 14:17 B C:\www\haltebis.com1\modules\display\browser\browser.php --> ekobudi.phpwebhosting.com /www/haltebis.com1/modules/display/browser browser.php
103.05.24 14:17 B C:\www\haltebis.com1\modules\display\browser\browser_css.php --> ekobudi.phpwebhosting.com /www/haltebis.com1/modules/display/browser browser_css.php
103.05.24 14:17 B C:\www\haltebis.com1\modules\display\browser\css.php --> ekobudi.phpwebhosting.com /www/haltebis.com1/modules/display/browser css.php
103.05.24 14:17 B C:\www\haltebis.com1\modules\display\browser\WS_FTP.LOG --> ekobudi.phpwebhosting.com /www/haltebis.com1/modules/display/browser WS_FTP.LOG
