[09/15/2005 16:50:06] Start indexing 
[09/15/2005 16:50:07] URL: http://devel.phpfaber.com/cms/ - 44236 bytes 
[09/15/2005 16:50:07] 1 -> http://devel.phpfaber.com/cms/; totalsize -> 43 kb 
[09/15/2005 16:50:08] URL: http://devel.phpfaber.com/cms/m/Users/ - 42835 bytes 
[09/15/2005 16:50:08] 2 -> http://devel.phpfaber.com/cms/m/Users/; totalsize -> 84 kb 
[09/15/2005 16:50:08] URL: http://devel.phpfaber.com/cms/i/products/ - 41580 bytes 
[09/15/2005 16:50:08] 3 -> http://devel.phpfaber.com/cms/i/products/; totalsize -> 124 kb 
[09/15/2005 16:50:08] URL: http://devel.phpfaber.com/cms/i/services/ - 47264 bytes 
[09/15/2005 16:50:09] 4 -> http://devel.phpfaber.com/cms/i/services/; totalsize -> 170 kb 
[09/15/2005 16:50:09] URL: http://devel.phpfaber.com/cms/i/solutions/ - 45604 bytes 
[09/15/2005 16:50:09] 5 -> http://devel.phpfaber.com/cms/i/solutions/; totalsize -> 214 kb 
[09/15/2005 16:50:09] URL: http://devel.phpfaber.com/cms/i/clients/ - 44435 bytes 
[09/15/2005 16:50:09] 6 -> http://devel.phpfaber.com/cms/i/clients/; totalsize -> 257 kb 
[09/15/2005 16:50:10] URL: http://devel.phpfaber.com/cms/i/contacts/ - 41971 bytes 
[09/15/2005 16:50:10] 7 -> http://devel.phpfaber.com/cms/i/contacts/; totalsize -> 297 kb 
[09/15/2005 16:50:10] URL: http://devel.phpfaber.com/cms/m/Users/online.html - 40709 bytes 
[09/15/2005 16:50:10] 8 -> http://devel.phpfaber.com/cms/m/Users/online.html; totalsize -> 336 kb 
[09/15/2005 16:50:11] URL: http://devel.phpfaber.com/cms/m/Users/list.html - 42740 bytes 
[09/15/2005 16:50:11] 9 -> http://devel.phpfaber.com/cms/m/Users/list.html; totalsize -> 377 kb 
[09/15/2005 16:50:11] URL: http://devel.phpfaber.com/cms/m/RecommendUs/ - 42303 bytes 
[09/15/2005 16:50:11] 10 -> http://devel.phpfaber.com/cms/m/RecommendUs/; totalsize -> 418 kb 
[09/15/2005 16:50:12] URL: http://devel.phpfaber.com/cms/m/Bookmarks/ - 42836 bytes 
[09/15/2005 16:50:12] 11 -> http://devel.phpfaber.com/cms/m/Bookmarks/; totalsize -> 459 kb 
[09/15/2005 16:50:12] URL: http://devel.phpfaber.com/cms/m/Articles/ - 42705 bytes 
[09/15/2005 16:50:12] 12 -> http://devel.phpfaber.com/cms/m/Articles/; totalsize -> 500 kb 
[09/15/2005 16:50:13] URL: http://devel.phpfaber.com/cms/m/Downloads/ - 40837 bytes 
[09/15/2005 16:50:13] 13 -> http://devel.phpfaber.com/cms/m/Downloads/; totalsize -> 539 kb 
[09/15/2005 16:50:13] URL: http://devel.phpfaber.com/cms/m/Faq/ - 41104 bytes 
[09/15/2005 16:50:13] 14 -> http://devel.phpfaber.com/cms/m/Faq/; totalsize -> 579 kb 
[09/15/2005 16:50:14] URL: http://devel.phpfaber.com/cms/m/Feedback/ - 43538 bytes 
[09/15/2005 16:50:14] 15 -> http://devel.phpfaber.com/cms/m/Feedback/; totalsize -> 621 kb 
[09/15/2005 16:50:14] URL: http://devel.phpfaber.com/cms/m/Links/ - 41584 bytes 
[09/15/2005 16:50:14] 16 -> http://devel.phpfaber.com/cms/m/Links/; totalsize -> 661 kb 
[09/15/2005 16:50:15] URL: http://devel.phpfaber.com/cms/m/News/ - 41444 bytes 
[09/15/2005 16:50:15] 17 -> http://devel.phpfaber.com/cms/m/News/; totalsize -> 701 kb 
[09/15/2005 16:50:15] URL: http://devel.phpfaber.com/cms/m/NewsLetters/ - 42030 bytes 
[09/15/2005 16:50:15] 18 -> http://devel.phpfaber.com/cms/m/NewsLetters/; totalsize -> 742 kb 
[09/15/2005 16:50:16] URL: http://devel.phpfaber.com/cms/m/Polls/ - 41161 bytes 
[09/15/2005 16:50:16] 19 -> http://devel.phpfaber.com/cms/m/Polls/; totalsize -> 782 kb 
[09/15/2005 16:50:16] URL: http://devel.phpfaber.com/cms/i/company/ - 44237 bytes 
[09/15/2005 16:50:16] 20 -> http://devel.phpfaber.com/cms/i/company/; totalsize -> 825 kb 
[09/15/2005 16:50:17] URL: http://devel.phpfaber.com/cms/i/sitemap/ - 42388 bytes 
[09/15/2005 16:50:17] 21 -> http://devel.phpfaber.com/cms/i/sitemap/; totalsize -> 866 kb 
[09/15/2005 16:50:17] URL: http://devel.phpfaber.com/cms/m/News/nulla_luctus_nibh_vitae_sem-1.html - 43807 bytes 
[09/15/2005 16:50:17] 22 -> http://devel.phpfaber.com/cms/m/News/nulla_luctus_nibh_vitae_sem-1.html; totalsize -> 908 kb 
[09/15/2005 16:50:18] URL: http://devel.phpfaber.com/cms/m/Users/list-a.html - 42741 bytes 
[09/15/2005 16:50:18] 23 -> http://devel.phpfaber.com/cms/m/Users/list-a.html; totalsize -> 949 kb 
[09/15/2005 16:50:18] URL: http://devel.phpfaber.com/cms/m/Users/list-b.html - 42741 bytes 
[09/15/2005 16:50:18] 24 -> http://devel.phpfaber.com/cms/m/Users/list-b.html; totalsize -> 990 kb 
[09/15/2005 16:50:19] URL: http://devel.phpfaber.com/cms/m/Users/list-c.html - 42741 bytes 
[09/15/2005 16:50:19] 25 -> http://devel.phpfaber.com/cms/m/Users/list-c.html; totalsize -> 1031 kb 
[09/15/2005 16:50:19] URL: http://devel.phpfaber.com/cms/m/Users/list-d.html - 42741 bytes 
[09/15/2005 16:50:19] 26 -> http://devel.phpfaber.com/cms/m/Users/list-d.html; totalsize -> 1072 kb 
[09/15/2005 16:50:19] URL: http://devel.phpfaber.com/cms/m/Users/list-e.html - 42741 bytes 
[09/15/2005 16:50:19] 27 -> http://devel.phpfaber.com/cms/m/Users/list-e.html; totalsize -> 1113 kb 
[09/15/2005 16:50:20] URL: http://devel.phpfaber.com/cms/m/Users/list-f.html - 42741 bytes 
[09/15/2005 16:50:20] 28 -> http://devel.phpfaber.com/cms/m/Users/list-f.html; totalsize -> 1154 kb 
[09/15/2005 16:50:20] URL: http://devel.phpfaber.com/cms/m/Users/list-g.html - 42741 bytes 
[09/15/2005 16:50:20] 29 -> http://devel.phpfaber.com/cms/m/Users/list-g.html; totalsize -> 1195 kb 
[09/15/2005 16:50:21] URL: http://devel.phpfaber.com/cms/m/Users/list-h.html - 42741 bytes 
[09/15/2005 16:50:21] 30 -> http://devel.phpfaber.com/cms/m/Users/list-h.html; totalsize -> 1236 kb 
[09/15/2005 16:50:21] URL: http://devel.phpfaber.com/cms/m/Users/list-i.html - 42741 bytes 
[09/15/2005 16:50:21] 31 -> http://devel.phpfaber.com/cms/m/Users/list-i.html; totalsize -> 1277 kb 
[09/15/2005 16:50:22] URL: http://devel.phpfaber.com/cms/m/Users/list-j.html - 42741 bytes 
[09/15/2005 16:50:22] 32 -> http://devel.phpfaber.com/cms/m/Users/list-j.html; totalsize -> 1318 kb 
[09/15/2005 16:50:22] URL: http://devel.phpfaber.com/cms/m/Users/list-k.html - 42741 bytes 
[09/15/2005 16:50:22] 33 -> http://devel.phpfaber.com/cms/m/Users/list-k.html; totalsize -> 1359 kb 
[09/15/2005 16:50:22] URL: http://devel.phpfaber.com/cms/m/Users/list-l.html - 42741 bytes 
[09/15/2005 16:50:23] 34 -> http://devel.phpfaber.com/cms/m/Users/list-l.html; totalsize -> 1400 kb 
[09/15/2005 16:50:23] URL: http://devel.phpfaber.com/cms/m/Users/list-m.html - 42741 bytes 
[09/15/2005 16:50:23] 35 -> http://devel.phpfaber.com/cms/m/Users/list-m.html; totalsize -> 1441 kb 
[09/15/2005 16:50:23] URL: http://devel.phpfaber.com/cms/m/Users/list-n.html - 42741 bytes 
[09/15/2005 16:50:23] 36 -> http://devel.phpfaber.com/cms/m/Users/list-n.html; totalsize -> 1482 kb 
[09/15/2005 16:50:24] URL: http://devel.phpfaber.com/cms/m/Users/list-o.html - 42741 bytes 
[09/15/2005 16:50:24] 37 -> http://devel.phpfaber.com/cms/m/Users/list-o.html; totalsize -> 1523 kb 
[09/15/2005 16:50:24] URL: http://devel.phpfaber.com/cms/m/Users/list-p.html - 42741 bytes 
[09/15/2005 16:50:24] 38 -> http://devel.phpfaber.com/cms/m/Users/list-p.html; totalsize -> 1564 kb 
[09/15/2005 16:50:25] URL: http://devel.phpfaber.com/cms/m/Users/list-q.html - 42741 bytes 
[09/15/2005 16:50:25] 39 -> http://devel.phpfaber.com/cms/m/Users/list-q.html; totalsize -> 1605 kb 
[09/15/2005 16:50:25] URL: http://devel.phpfaber.com/cms/m/Users/list-r.html - 42741 bytes 
[09/15/2005 16:50:25] 40 -> http://devel.phpfaber.com/cms/m/Users/list-r.html; totalsize -> 1646 kb 
[09/15/2005 16:50:26] URL: http://devel.phpfaber.com/cms/m/Users/list-s.html - 42741 bytes 
[09/15/2005 16:50:26] 41 -> http://devel.phpfaber.com/cms/m/Users/list-s.html; totalsize -> 1687 kb 
[09/15/2005 16:50:26] URL: http://devel.phpfaber.com/cms/m/Users/list-t.html - 42741 bytes 
[09/15/2005 16:50:26] 42 -> http://devel.phpfaber.com/cms/m/Users/list-t.html; totalsize -> 1728 kb 
[09/15/2005 16:50:27] URL: http://devel.phpfaber.com/cms/m/Users/list-u.html - 42741 bytes 
[09/15/2005 16:50:27] 43 -> http://devel.phpfaber.com/cms/m/Users/list-u.html; totalsize -> 1769 kb 
[09/15/2005 16:50:27] URL: http://devel.phpfaber.com/cms/m/Users/list-v.html - 42741 bytes 
[09/15/2005 16:50:27] 44 -> http://devel.phpfaber.com/cms/m/Users/list-v.html; totalsize -> 1810 kb 
[09/15/2005 16:50:27] URL: http://devel.phpfaber.com/cms/m/Users/list-w.html - 42741 bytes 
[09/15/2005 16:50:27] 45 -> http://devel.phpfaber.com/cms/m/Users/list-w.html; totalsize -> 1851 kb 
[09/15/2005 16:50:28] URL: http://devel.phpfaber.com/cms/m/Users/list-x.html - 42741 bytes 
[09/15/2005 16:50:28] 46 -> http://devel.phpfaber.com/cms/m/Users/list-x.html; totalsize -> 1892 kb 
[09/15/2005 16:50:28] URL: http://devel.phpfaber.com/cms/m/Users/list-y.html - 42741 bytes 
[09/15/2005 16:50:28] 47 -> http://devel.phpfaber.com/cms/m/Users/list-y.html; totalsize -> 1933 kb 
[09/15/2005 16:50:29] URL: http://devel.phpfaber.com/cms/m/Users/list-z.html - 42741 bytes 
[09/15/2005 16:50:29] 48 -> http://devel.phpfaber.com/cms/m/Users/list-z.html; totalsize -> 1974 kb 
[09/15/2005 16:50:29] URL: http://devel.phpfaber.com/cms/m/Articles/cars-2/ - 44267 bytes 
[09/15/2005 16:50:29] 49 -> http://devel.phpfaber.com/cms/m/Articles/cars-2/; totalsize -> 2017 kb 
[09/15/2005 16:50:30] URL: http://devel.phpfaber.com/cms/m/Articles/internet-3/ - 42207 bytes 
[09/15/2005 16:50:30] 50 -> http://devel.phpfaber.com/cms/m/Articles/internet-3/; totalsize -> 2058 kb 
[09/15/2005 16:50:30] URL: http://devel.phpfaber.com/cms/m/Polls/what_os_you_are_using-1.html - 50434 bytes 
[09/15/2005 16:50:30] 51 -> http://devel.phpfaber.com/cms/m/Polls/what_os_you_are_using-1.html; totalsize -> 2107 kb 
[09/15/2005 16:50:31] URL: http://devel.phpfaber.com/cms/m/Articles/cars-2/lorem_ipsum_dolor_sit_amet_consectetuer_adipiscing_elit-1.html - 63469 bytes 
[09/15/2005 16:50:31] 52 -> http://devel.phpfaber.com/cms/m/Articles/cars-2/lorem_ipsum_dolor_sit_amet_consectetuer_adipiscing_elit-1.html; totalsize -> 2168 kb 
[09/15/2005 16:50:31] URL: http://devel.phpfaber.com/cms/m/Articles/internet-3/browsers-4/ - 41719 bytes 
[09/15/2005 16:50:31] 53 -> http://devel.phpfaber.com/cms/m/Articles/internet-3/browsers-4/; totalsize -> 2208 kb 
[09/15/2005 16:50:32] URL: http://devel.phpfaber.com/cms/m/Articles/cars-2/lorem_ipsum_dolor_sit_amet_consectetuer_adipiscing_elit-1_1.html - 54230 bytes 
[09/15/2005 16:50:32] 54 -> http://devel.phpfaber.com/cms/m/Articles/cars-2/lorem_ipsum_dolor_sit_amet_consectetuer_adipiscing_elit-1_1.html; totalsize -> 2260 kb 
[09/15/2005 16:50:32] URL: http://devel.phpfaber.com/cms/m/Articles/cars-2/lorem_ipsum_dolor_sit_amet_consectetuer_adipiscing_elit-1_2.html - 54855 bytes 
[09/15/2005 16:50:32] 55 -> http://devel.phpfaber.com/cms/m/Articles/cars-2/lorem_ipsum_dolor_sit_amet_consectetuer_adipiscing_elit-1_2.html; totalsize -> 2313 kb 
[09/15/2005 16:50:33] URL: http://devel.phpfaber.com/cms/m/Articles/cars-2/lorem_ipsum_dolor_sit_amet_consectetuer_adipiscing_elit-1_3.html - 54855 bytes 
[09/15/2005 16:50:33] 56 -> http://devel.phpfaber.com/cms/m/Articles/cars-2/lorem_ipsum_dolor_sit_amet_consectetuer_adipiscing_elit-1_3.html; totalsize -> 2366 kb 
[09/15/2005 16:50:33] URL: http://devel.phpfaber.com/cms/m/Articles/cars-2/lorem_ipsum_dolor_sit_amet_consectetuer_adipiscing_elit-1_4.html - 54509 bytes 
[09/15/2005 16:50:33] 57 -> http://devel.phpfaber.com/cms/m/Articles/cars-2/lorem_ipsum_dolor_sit_amet_consectetuer_adipiscing_elit-1_4.html; totalsize -> 2419 kb 
[09/15/2005 16:50:33] Scan took, sec: 27.01 
[09/15/2005 16:50:33] Writing SITEWORDS 
[09/15/2005 16:50:34] Build hash 
[09/15/2005 16:50:35] Total files has been indexed: 57 
