115.08.02 15:14 B C:\xcent\Classifieds\XcCPCatInfo\LF40A.gif <-- sexy /mivadesign/annonces/Classifieds/XcCPCatInfo LF40A.gif
115.08.02 15:14 B C:\xcent\Classifieds\XcCPCatInfo\LF40B.gif <-- sexy /mivadesign/annonces/Classifieds/XcCPCatInfo LF40B.gif
115.08.02 15:14 B C:\xcent\Classifieds\XcCPCatInfo\LF40C.gif <-- sexy /mivadesign/annonces/Classifieds/XcCPCatInfo LF40C.gif
115.08.02 15:14 B C:\xcent\Classifieds\XcCPCatInfo\LF40D.gif <-- sexy /mivadesign/annonces/Classifieds/XcCPCatInfo LF40D.gif
115.08.02 15:14 B C:\xcent\Classifieds\XcCPCatInfo\LF40E.gif <-- sexy /mivadesign/annonces/Classifieds/XcCPCatInfo LF40E.gif
115.08.02 15:14 B C:\xcent\Classifieds\XcCPCatInfo\LF40F.gif <-- sexy /mivadesign/annonces/Classifieds/XcCPCatInfo LF40F.gif
115.08.02 15:14 B C:\xcent\Classifieds\XcCPCatInfo\LF40G.gif <-- sexy /mivadesign/annonces/Classifieds/XcCPCatInfo LF40G.gif
115.08.02 15:14 B C:\xcent\Classifieds\XcCPCatInfo\LF40H.gif <-- sexy /mivadesign/annonces/Classifieds/XcCPCatInfo LF40H.gif
115.08.02 15:14 B C:\xcent\Classifieds\XcCPCatInfo\LF40I.gif <-- sexy /mivadesign/annonces/Classifieds/XcCPCatInfo LF40I.gif
115.08.02 15:14 B C:\xcent\Classifieds\XcCPCatInfo\LF40J.gif <-- sexy /mivadesign/annonces/Classifieds/XcCPCatInfo LF40J.gif
115.08.02 15:14 B C:\xcent\Classifieds\XcCPCatInfo\LF40K.gif <-- sexy /mivadesign/annonces/Classifieds/XcCPCatInfo LF40K.gif
115.08.02 15:14 B C:\xcent\Classifieds\XcCPCatInfo\LF40L.gif <-- sexy /mivadesign/annonces/Classifieds/XcCPCatInfo LF40L.gif
115.08.02 15:14 B C:\xcent\Classifieds\XcCPCatInfo\LF40M.gif <-- sexy /mivadesign/annonces/Classifieds/XcCPCatInfo LF40M.gif
115.08.02 15:14 B C:\xcent\Classifieds\XcCPCatInfo\LF40N.gif <-- sexy /mivadesign/annonces/Classifieds/XcCPCatInfo LF40N.gif
115.08.02 15:14 B C:\xcent\Classifieds\XcCPCatInfo\LF40O.gif <-- sexy /mivadesign/annonces/Classifieds/XcCPCatInfo LF40O.gif
115.08.02 15:14 B C:\xcent\Classifieds\XcCPCatInfo\LF40P.gif <-- sexy /mivadesign/annonces/Classifieds/XcCPCatInfo LF40P.gif
115.08.02 15:14 B C:\xcent\Classifieds\XcCPCatInfo\LF40Q.gif <-- sexy /mivadesign/annonces/Classifieds/XcCPCatInfo LF40Q.gif
115.08.02 15:14 B C:\xcent\Classifieds\XcCPCatInfo\LF40R.gif <-- sexy /mivadesign/annonces/Classifieds/XcCPCatInfo LF40R.gif
115.08.02 15:14 B C:\xcent\Classifieds\XcCPCatInfo\LF40S.gif <-- sexy /mivadesign/annonces/Classifieds/XcCPCatInfo LF40S.gif
115.08.02 15:14 B C:\xcent\Classifieds\XcCPCatInfo\LF40T.gif <-- sexy /mivadesign/annonces/Classifieds/XcCPCatInfo LF40T.gif
115.08.02 15:14 B C:\xcent\Classifieds\XcCPCatInfo\LF40U.gif <-- sexy /mivadesign/annonces/Classifieds/XcCPCatInfo LF40U.gif
115.08.02 15:14 B C:\xcent\Classifieds\XcCPCatInfo\LF40V.gif <-- sexy /mivadesign/annonces/Classifieds/XcCPCatInfo LF40V.gif
115.08.02 15:14 B C:\xcent\Classifieds\XcCPCatInfo\LF40W.gif <-- sexy /mivadesign/annonces/Classifieds/XcCPCatInfo LF40W.gif
115.08.02 15:14 B C:\xcent\Classifieds\XcCPCatInfo\LF40X.gif <-- sexy /mivadesign/annonces/Classifieds/XcCPCatInfo LF40X.gif
115.08.02 15:14 B C:\xcent\Classifieds\XcCPCatInfo\LF40Y.gif <-- sexy /mivadesign/annonces/Classifieds/XcCPCatInfo LF40Y.gif
115.08.02 15:14 B C:\xcent\Classifieds\XcCPCatInfo\LF40Z.gif <-- sexy /mivadesign/annonces/Classifieds/XcCPCatInfo LF40Z.gif
115.08.02 15:14 B C:\xcent\Classifieds\XcCPCatInfo\LF80A.gif <-- sexy /mivadesign/annonces/Classifieds/XcCPCatInfo LF80A.gif
115.08.02 15:14 B C:\xcent\Classifieds\XcCPCatInfo\LF80B.gif <-- sexy /mivadesign/annonces/Classifieds/XcCPCatInfo LF80B.gif
115.08.02 15:14 B C:\xcent\Classifieds\XcCPCatInfo\LF80C.gif <-- sexy /mivadesign/annonces/Classifieds/XcCPCatInfo LF80C.gif
115.08.02 15:14 B C:\xcent\Classifieds\XcCPCatInfo\LF80D.gif <-- sexy /mivadesign/annonces/Classifieds/XcCPCatInfo LF80D.gif
115.08.02 15:14 B C:\xcent\Classifieds\XcCPCatInfo\pix.gif <-- sexy /mivadesign/annonces/Classifieds/XcCPCatInfo pix.gif
