2005.08.16 23:49 B d:\Program Files\Apache Group\Apache\htdocs\openbiz\bin\dompdf\include\dompdf.cls.php --> phpopenbiz.org /public_html/bin/dompdf/include dompdf.cls.php
2005.08.16 23:49 B d:\Program Files\Apache Group\Apache\htdocs\openbiz\bin\dompdf\include\text_renderer.cls.php --> phpopenbiz.org /public_html/bin/dompdf/include text_renderer.cls.php
2005.08.16 23:49 B d:\Program Files\Apache Group\Apache\htdocs\openbiz\bin\dompdf\include\text_frame_reflower.cls.php --> phpopenbiz.org /public_html/bin/dompdf/include text_frame_reflower.cls.php
2005.08.16 23:49 B d:\Program Files\Apache Group\Apache\htdocs\openbiz\bin\dompdf\include\text_frame_decorator.cls.php --> phpopenbiz.org /public_html/bin/dompdf/include text_frame_decorator.cls.php
2005.08.16 23:49 B d:\Program Files\Apache Group\Apache\htdocs\openbiz\bin\dompdf\include\table_row_positioner.cls.php --> phpopenbiz.org /public_html/bin/dompdf/include table_row_positioner.cls.php
2005.08.16 23:49 B d:\Program Files\Apache Group\Apache\htdocs\openbiz\bin\dompdf\include\table_row_group_frame_reflower.cls.php --> phpopenbiz.org /public_html/bin/dompdf/include table_row_group_frame_reflower.cls.php
2005.08.16 23:49 B d:\Program Files\Apache Group\Apache\htdocs\openbiz\bin\dompdf\include\table_row_frame_reflower.cls.php --> phpopenbiz.org /public_html/bin/dompdf/include table_row_frame_reflower.cls.php
2005.08.16 23:49 B d:\Program Files\Apache Group\Apache\htdocs\openbiz\bin\dompdf\include\table_row_frame_decorator.cls.php --> phpopenbiz.org /public_html/bin/dompdf/include table_row_frame_decorator.cls.php
2005.08.16 23:49 B d:\Program Files\Apache Group\Apache\htdocs\openbiz\bin\dompdf\include\table_frame_reflower.cls.php --> phpopenbiz.org /public_html/bin/dompdf/include table_frame_reflower.cls.php
2005.08.16 23:49 B d:\Program Files\Apache Group\Apache\htdocs\openbiz\bin\dompdf\include\table_frame_decorator.cls.php --> phpopenbiz.org /public_html/bin/dompdf/include table_frame_decorator.cls.php
2005.08.16 23:49 B d:\Program Files\Apache Group\Apache\htdocs\openbiz\bin\dompdf\include\table_cell_renderer.cls.php --> phpopenbiz.org /public_html/bin/dompdf/include table_cell_renderer.cls.php
2005.08.16 23:49 B d:\Program Files\Apache Group\Apache\htdocs\openbiz\bin\dompdf\include\table_cell_positioner.cls.php --> phpopenbiz.org /public_html/bin/dompdf/include table_cell_positioner.cls.php
2005.08.16 23:49 B d:\Program Files\Apache Group\Apache\htdocs\openbiz\bin\dompdf\include\table_cell_frame_reflower.cls.php --> phpopenbiz.org /public_html/bin/dompdf/include table_cell_frame_reflower.cls.php
2005.08.16 23:49 B d:\Program Files\Apache Group\Apache\htdocs\openbiz\bin\dompdf\include\table_cell_frame_decorator.cls.php --> phpopenbiz.org /public_html/bin/dompdf/include table_cell_frame_decorator.cls.php
2005.08.16 23:49 B d:\Program Files\Apache Group\Apache\htdocs\openbiz\bin\dompdf\include\stylesheet.cls.php --> phpopenbiz.org /public_html/bin/dompdf/include stylesheet.cls.php
2005.08.16 23:49 B d:\Program Files\Apache Group\Apache\htdocs\openbiz\bin\dompdf\include\style.cls.php --> phpopenbiz.org /public_html/bin/dompdf/include style.cls.php
2005.08.16 23:49 B d:\Program Files\Apache Group\Apache\htdocs\openbiz\bin\dompdf\include\renderer.cls.php --> phpopenbiz.org /public_html/bin/dompdf/include renderer.cls.php
2005.08.16 23:49 B d:\Program Files\Apache Group\Apache\htdocs\openbiz\bin\dompdf\include\positioner.cls.php --> phpopenbiz.org /public_html/bin/dompdf/include positioner.cls.php
2005.08.16 23:49 B d:\Program Files\Apache Group\Apache\htdocs\openbiz\bin\dompdf\include\php_evaluator.cls.php --> phpopenbiz.org /public_html/bin/dompdf/include php_evaluator.cls.php
2005.08.16 23:49 B d:\Program Files\Apache Group\Apache\htdocs\openbiz\bin\dompdf\include\pdflib_adapter.cls.php --> phpopenbiz.org /public_html/bin/dompdf/include pdflib_adapter.cls.php
2005.08.16 23:49 B d:\Program Files\Apache Group\Apache\htdocs\openbiz\bin\dompdf\include\page_frame_reflower.cls.php --> phpopenbiz.org /public_html/bin/dompdf/include page_frame_reflower.cls.php
2005.08.16 23:49 B d:\Program Files\Apache Group\Apache\htdocs\openbiz\bin\dompdf\include\page_frame_decorator.cls.php --> phpopenbiz.org /public_html/bin/dompdf/include page_frame_decorator.cls.php
2005.08.16 23:49 B d:\Program Files\Apache Group\Apache\htdocs\openbiz\bin\dompdf\include\page_cache.cls.php --> phpopenbiz.org /public_html/bin/dompdf/include page_cache.cls.php
2005.08.16 23:49 B d:\Program Files\Apache Group\Apache\htdocs\openbiz\bin\dompdf\include\null_positioner.cls.php --> phpopenbiz.org /public_html/bin/dompdf/include null_positioner.cls.php
2005.08.16 23:49 B d:\Program Files\Apache Group\Apache\htdocs\openbiz\bin\dompdf\include\null_frame_reflower.cls.php --> phpopenbiz.org /public_html/bin/dompdf/include null_frame_reflower.cls.php
2005.08.16 23:49 B d:\Program Files\Apache Group\Apache\htdocs\openbiz\bin\dompdf\include\null_frame_decorator.cls.php --> phpopenbiz.org /public_html/bin/dompdf/include null_frame_decorator.cls.php
2005.08.16 23:49 B d:\Program Files\Apache Group\Apache\htdocs\openbiz\bin\dompdf\include\list_bullet_renderer.cls.php --> phpopenbiz.org /public_html/bin/dompdf/include list_bullet_renderer.cls.php
2005.08.16 23:49 B d:\Program Files\Apache Group\Apache\htdocs\openbiz\bin\dompdf\include\list_bullet_positioner.cls.php --> phpopenbiz.org /public_html/bin/dompdf/include list_bullet_positioner.cls.php
2005.08.16 23:49 B d:\Program Files\Apache Group\Apache\htdocs\openbiz\bin\dompdf\include\list_bullet_image_frame_decorator.cls.php --> phpopenbiz.org /public_html/bin/dompdf/include list_bullet_image_frame_decorator.cls.php
2005.08.16 23:49 B d:\Program Files\Apache Group\Apache\htdocs\openbiz\bin\dompdf\include\list_bullet_frame_reflower.cls.php --> phpopenbiz.org /public_html/bin/dompdf/include list_bullet_frame_reflower.cls.php
2005.08.16 23:49 B d:\Program Files\Apache Group\Apache\htdocs\openbiz\bin\dompdf\include\list_bullet_frame_decorator.cls.php --> phpopenbiz.org /public_html/bin/dompdf/include list_bullet_frame_decorator.cls.php
2005.08.16 23:49 B d:\Program Files\Apache Group\Apache\htdocs\openbiz\bin\dompdf\include\inline_renderer.cls.php --> phpopenbiz.org /public_html/bin/dompdf/include inline_renderer.cls.php
2005.08.16 23:49 B d:\Program Files\Apache Group\Apache\htdocs\openbiz\bin\dompdf\include\inline_positioner.cls.php --> phpopenbiz.org /public_html/bin/dompdf/include inline_positioner.cls.php
2005.08.16 23:49 B d:\Program Files\Apache Group\Apache\htdocs\openbiz\bin\dompdf\include\inline_frame_reflower.cls.php --> phpopenbiz.org /public_html/bin/dompdf/include inline_frame_reflower.cls.php
2005.08.16 23:49 B d:\Program Files\Apache Group\Apache\htdocs\openbiz\bin\dompdf\include\inline_frame_decorator.cls.php --> phpopenbiz.org /public_html/bin/dompdf/include inline_frame_decorator.cls.php
2005.08.16 23:49 B d:\Program Files\Apache Group\Apache\htdocs\openbiz\bin\dompdf\include\image_renderer.cls.php --> phpopenbiz.org /public_html/bin/dompdf/include image_renderer.cls.php
2005.08.16 23:49 B d:\Program Files\Apache Group\Apache\htdocs\openbiz\bin\dompdf\include\image_frame_reflower.cls.php --> phpopenbiz.org /public_html/bin/dompdf/include image_frame_reflower.cls.php
2005.08.16 23:49 B d:\Program Files\Apache Group\Apache\htdocs\openbiz\bin\dompdf\include\image_frame_decorator.cls.php --> phpopenbiz.org /public_html/bin/dompdf/include image_frame_decorator.cls.php
2005.08.16 23:49 B d:\Program Files\Apache Group\Apache\htdocs\openbiz\bin\dompdf\include\generated_frame_reflower.cls.php --> phpopenbiz.org /public_html/bin/dompdf/include generated_frame_reflower.cls.php
2005.08.16 23:49 B d:\Program Files\Apache Group\Apache\htdocs\openbiz\bin\dompdf\include\functions.inc.php --> phpopenbiz.org /public_html/bin/dompdf/include functions.inc.php
2005.08.16 23:50 B d:\Program Files\Apache Group\Apache\htdocs\openbiz\bin\dompdf\include\frame_tree.cls.php --> phpopenbiz.org /public_html/bin/dompdf/include frame_tree.cls.php
2005.08.16 23:50 B d:\Program Files\Apache Group\Apache\htdocs\openbiz\bin\dompdf\include\frame_reflower.cls.php --> phpopenbiz.org /public_html/bin/dompdf/include frame_reflower.cls.php
2005.08.16 23:50 B d:\Program Files\Apache Group\Apache\htdocs\openbiz\bin\dompdf\include\frame_factory.cls.php --> phpopenbiz.org /public_html/bin/dompdf/include frame_factory.cls.php
2005.08.16 23:50 B d:\Program Files\Apache Group\Apache\htdocs\openbiz\bin\dompdf\include\frame_decorator.cls.php --> phpopenbiz.org /public_html/bin/dompdf/include frame_decorator.cls.php
2005.08.16 23:50 B d:\Program Files\Apache Group\Apache\htdocs\openbiz\bin\dompdf\include\frame.cls.php --> phpopenbiz.org /public_html/bin/dompdf/include frame.cls.php
2005.08.16 23:50 B d:\Program Files\Apache Group\Apache\htdocs\openbiz\bin\dompdf\include\font_metrics.cls.php --> phpopenbiz.org /public_html/bin/dompdf/include font_metrics.cls.php
2005.08.16 23:50 B d:\Program Files\Apache Group\Apache\htdocs\openbiz\bin\dompdf\include\dompdf_internal_exception.cls.php --> phpopenbiz.org /public_html/bin/dompdf/include dompdf_internal_exception.cls.php
2005.08.16 23:50 B d:\Program Files\Apache Group\Apache\htdocs\openbiz\bin\dompdf\include\dompdf_exception.cls.php --> phpopenbiz.org /public_html/bin/dompdf/include dompdf_exception.cls.php
2005.08.16 23:50 B d:\Program Files\Apache Group\Apache\htdocs\openbiz\bin\dompdf\include\cpdf_adapter.cls.php --> phpopenbiz.org /public_html/bin/dompdf/include cpdf_adapter.cls.php
2005.08.16 23:50 B d:\Program Files\Apache Group\Apache\htdocs\openbiz\bin\dompdf\include\cellmap.cls.php --> phpopenbiz.org /public_html/bin/dompdf/include cellmap.cls.php
2005.08.16 23:50 B d:\Program Files\Apache Group\Apache\htdocs\openbiz\bin\dompdf\include\canvas_factory.cls.php --> phpopenbiz.org /public_html/bin/dompdf/include canvas_factory.cls.php
2005.08.16 23:50 B d:\Program Files\Apache Group\Apache\htdocs\openbiz\bin\dompdf\include\canvas.cls.php --> phpopenbiz.org /public_html/bin/dompdf/include canvas.cls.php
2005.08.16 23:50 B d:\Program Files\Apache Group\Apache\htdocs\openbiz\bin\dompdf\include\cached_pdf_decorator.cls.php --> phpopenbiz.org /public_html/bin/dompdf/include cached_pdf_decorator.cls.php
2005.08.16 23:50 B d:\Program Files\Apache Group\Apache\htdocs\openbiz\bin\dompdf\include\br_frame_reflower.cls.php --> phpopenbiz.org /public_html/bin/dompdf/include br_frame_reflower.cls.php
2005.08.16 23:50 B d:\Program Files\Apache Group\Apache\htdocs\openbiz\bin\dompdf\include\block_renderer.cls.php --> phpopenbiz.org /public_html/bin/dompdf/include block_renderer.cls.php
2005.08.16 23:50 B d:\Program Files\Apache Group\Apache\htdocs\openbiz\bin\dompdf\include\block_positioner.cls.php --> phpopenbiz.org /public_html/bin/dompdf/include block_positioner.cls.php
2005.08.16 23:50 B d:\Program Files\Apache Group\Apache\htdocs\openbiz\bin\dompdf\include\block_frame_reflower.cls.php --> phpopenbiz.org /public_html/bin/dompdf/include block_frame_reflower.cls.php
2005.08.16 23:50 B d:\Program Files\Apache Group\Apache\htdocs\openbiz\bin\dompdf\include\block_frame_decorator.cls.php --> phpopenbiz.org /public_html/bin/dompdf/include block_frame_decorator.cls.php
2005.08.16 23:50 B d:\Program Files\Apache Group\Apache\htdocs\openbiz\bin\dompdf\include\attribute_translator.cls.php --> phpopenbiz.org /public_html/bin/dompdf/include attribute_translator.cls.php
2005.08.16 23:50 B d:\Program Files\Apache Group\Apache\htdocs\openbiz\bin\dompdf\include\abstract_renderer.cls.php --> phpopenbiz.org /public_html/bin/dompdf/include abstract_renderer.cls.php
2005.08.18 02:06 B d:\Program Files\Apache Group\Apache\htdocs\openbiz\bin\dompdf\include\frame_tree.cls.php --> phpopenbiz.org /public_html/bin/dompdf/include frame_tree.cls.php
2005.08.18 02:10 B d:\Program Files\Apache Group\Apache\htdocs\openbiz\bin\dompdf\include\frame_tree.cls.php --> phpopenbiz.org /public_html/bin/dompdf/include frame_tree.cls.php
2005.08.18 22:27 B d:\Program Files\Apache Group\Apache\htdocs\openbiz\bin\dompdf\include\frame_tree.cls.php --> phpopenbiz.org /public_html/bin/dompdf/include frame_tree.cls.php
2005.08.18 22:33 B d:\Program Files\Apache Group\Apache\htdocs\openbiz\bin\dompdf\include\frame_tree.cls.php --> phpopenbiz.org /public_html/bin/dompdf/include frame_tree.cls.php
