A D/AdminISAPI////
A D/AgedTrialBalanceReport////
A D/AgreementNotifier////
A D/ArchiveDescription////
A D/ArchiveItems////
A D/AuditAccounting////
A D/BDReports////
A D/BalanceAgingApp////
A D/BetaCredits////
A D/BidListCleanup////
A D/BillingNotice////
A D/BuildAWHome////
A D/BuildAdvancedSearchPage////
A D/BuildeBayHome////
A D/CalculatePastDue////
A D/CalculateUVRatings////
A D/CheckPaymentsProcessor////
A D/CobrandPages////
A D/CobrandStatic////
A D/CobrandStaticProduce////
A D/ComputeAllPastAR////
A D/ComputePastAR////
A D/CopyItemDesc////
A D/DailyAddExchangeRates////
A D/DailyCleanRename////
A D/DailyStatus////
A D/DeadbeatBatchEmailApp////
A D/EmitCreditCardCharges////
A D/EndItem////
A D/EndOfAuctionNotice////
A D/FDMSCreditCard////
A D/FeedbackShillworm////
A D/FilterCoBrand////
A D/FilterOnURLMap////
A D/FindInDescription////
A D/FixFinanceCharges////
A D/FixRelist////
A D/GalleryTest////
A D/GetImages////
A D/ImageGear////
A D/InactiveEmails////
A D/ItemsToHTML////
A D/ItemsToTextApp////
A D/Listings////
A D/ListingsProduce////
A D/LoadAWAccountXREF////
A D/LoadAWCreditStatus////
A D/LoadAccSplit////
A D/LoadAccounting////
A D/LoadFeedback////
A D/LoadHistoricalData////
A D/LoadTestData////
A D/LoadTransactionRecord////
A D/LoadUserCreationAndHost////
A D/LoadUsers////
A D/LogSummary////
A D/MemberDirect////
A D/MyGallery////
A D/NetMind////
A D/NewBigSellers////
A D/OldUnix////
A D/PERL////
A D/PassFilter////
A D/RebalanceAllAccounts////
A D/RebuildList////
A D/RedirectCompleted////
A D/RegisterISAPI////
A D/ReplayBids////
A D/Reports////
A D/Resources////
A D/Serialize////
A D/Shillworm////
A D/SiteSearch////
A D/Soho////
A D/SplitFeedback////
A D/SummaryReport////
A D/SuspendReinstate////
A D/TestApp////
A D/ThumbDBBuild////
A D/ThumbServe////
A D/USPS////
A D/UnconfirmedNotifier////
A D/UpdateFeedback////
A D/UpdateUsers////
A D/UpdateUsersCountry////
A D/UploadEx////
A D/VoidSuspendedFeedback////
A D/WidgetParser////
A D/Widgets////
A D/aboutebay////
A D/aboutebay2////
A D/apache////
A D/bdstats////
A D/bugslayer////
A D/c++search////
A D/ccAmtCheck////
A D/ccAuth////
A D/ccAuthBud////
A D/ccAuthBuddy////
A D/ccBatchSettle////
A D/ccDBAuth////
A D/ccEOM////
A D/ccSettlement////
A D/ccSettlement_bad////
A D/cobrandHTML////
A D/collectionMail////
A D/crontabs////
A D/dailyfinance////
A D/dailystats////
A D/dbscript////
A D/docs////
A D/eBayISAPI////
A D/eBayResource////
A D/exportDesc////
A D/fixgallerycharges////
A D/html00////
A D/invoice////
A D/kernel////
A D/mfc////
A D/search////
A D/searchAdmin////
A D/searchISAPI////
A D/searchThunderStone////
A D/spammer////
A D/sql////
A D/stl////
A D/stlForSolaris////
A D/testsql////
A D/updatecc////
A D/usr////
A D/warehouse////
R D/searchThunderStone////
R D/searchISAPI////
R D/html00////
R D/fixgallerycharges////
R D/exportDesc////
R D/docs////
R D/collectionMail////
R D/ccSettlement_bad////
R D/ccSettlement////
R D/ccEOM////
R D/ccDBAuth////
R D/ccAuthBuddy////
R D/ccAuthBud////
R D/ccAmtCheck////
R D/c++search////
R D/UploadEx////
R D/UpdateUsers////
R D/UpdateFeedback////
R D/ThumbDBBuild////
R D/SuspendReinstate////
R D/Reports////
R D/ReplayBids////
R D/RegisterISAPI////
R D/PassFilter////
R D/MyGallery////
R D/LoadUsers////
R D/LoadUserCreationAndHost////
R D/LoadTransactionRecord////
R D/LoadHistoricalData////
R D/LoadFeedback////
R D/LoadAccounting////
R D/LoadAWCreditStatus////
R D/LoadAWAccountXREF////
R D/InactiveEmails////
R D/GalleryTest////
R D/FindInDescription////
R D/FDMSCreditCard////
R D/DailyCleanRename////
R D/CopyItemDesc////
R D/CobrandStaticProduce////
R D/CobrandPages////
R D/CheckPaymentsProcessor////
R D/BuildeBayHome////
R D/BuildAWHome////
R D/AdminISAPI////
