115.08.02 15:14 B C:\xcent\Classifieds\XcCPImages\help.gif <-- sexy /mivadesign/annonces/Classifieds/XcCPImages help.gif
115.08.02 15:14 B C:\xcent\Classifieds\XcCPImages\home.gif <-- sexy /mivadesign/annonces/Classifieds/XcCPImages home.gif
115.08.02 15:14 B C:\xcent\Classifieds\XcCPImages\MainlingList.gif <-- sexy /mivadesign/annonces/Classifieds/XcCPImages MainlingList.gif
115.08.02 15:14 B C:\xcent\Classifieds\XcCPImages\manageads.gif <-- sexy /mivadesign/annonces/Classifieds/XcCPImages manageads.gif
115.08.02 15:14 B C:\xcent\Classifieds\XcCPImages\pix.gif <-- sexy /mivadesign/annonces/Classifieds/XcCPImages pix.gif
115.08.02 15:14 B C:\xcent\Classifieds\XcCPImages\placead.gif <-- sexy /mivadesign/annonces/Classifieds/XcCPImages placead.gif
115.08.02 15:14 B C:\xcent\Classifieds\XcCPImages\register.gif <-- sexy /mivadesign/annonces/Classifieds/XcCPImages register.gif
115.08.02 15:14 B C:\xcent\Classifieds\XcCPImages\search.gif <-- sexy /mivadesign/annonces/Classifieds/XcCPImages search.gif
115.08.02 15:14 B C:\xcent\Classifieds\XcCPImages\viewbill.gif <-- sexy /mivadesign/annonces/Classifieds/XcCPImages viewbill.gif
115.08.02 15:14 B C:\xcent\Classifieds\XcCPImages\XcClassProLogo.gif <-- sexy /mivadesign/annonces/Classifieds/XcCPImages XcClassProLogo.gif
115.08.02 15:14 B C:\xcent\Classifieds\XcCPImages\XcCPAdmAdd.gif <-- sexy /mivadesign/annonces/Classifieds/XcCPImages XcCPAdmAdd.gif
115.08.02 15:14 B C:\xcent\Classifieds\XcCPImages\XcCPAdmCatAdd.gif <-- sexy /mivadesign/annonces/Classifieds/XcCPImages XcCPAdmCatAdd.gif
115.08.02 15:14 B C:\xcent\Classifieds\XcCPImages\XcCPAdmCatDel.gif <-- sexy /mivadesign/annonces/Classifieds/XcCPImages XcCPAdmCatDel.gif
115.08.02 15:14 B C:\xcent\Classifieds\XcCPImages\XcCPAdmCatNoRoot.gif <-- sexy /mivadesign/annonces/Classifieds/XcCPImages XcCPAdmCatNoRoot.gif
115.08.02 15:14 B C:\xcent\Classifieds\XcCPImages\XcCPAdmCatRoot.gif <-- sexy /mivadesign/annonces/Classifieds/XcCPImages XcCPAdmCatRoot.gif
115.08.02 15:14 B C:\xcent\Classifieds\XcCPImages\XcCPAdmClickView.gif <-- sexy /mivadesign/annonces/Classifieds/XcCPImages XcCPAdmClickView.gif
115.08.02 15:14 B C:\xcent\Classifieds\XcCPImages\XcCPAdmClosed.gif <-- sexy /mivadesign/annonces/Classifieds/XcCPImages XcCPAdmClosed.gif
115.08.02 15:15 B C:\xcent\Classifieds\XcCPImages\XcCPAdmDel.gif <-- sexy /mivadesign/annonces/Classifieds/XcCPImages XcCPAdmDel.gif
115.08.02 15:15 B C:\xcent\Classifieds\XcCPImages\XcCPAdmDisabled.gif <-- sexy /mivadesign/annonces/Classifieds/XcCPImages XcCPAdmDisabled.gif
115.08.02 15:15 B C:\xcent\Classifieds\XcCPImages\XcCPAdmEdit.gif <-- sexy /mivadesign/annonces/Classifieds/XcCPImages XcCPAdmEdit.gif
115.08.02 15:15 B C:\xcent\Classifieds\XcCPImages\XcCPAdmEnabled.gif <-- sexy /mivadesign/annonces/Classifieds/XcCPImages XcCPAdmEnabled.gif
115.08.02 15:15 B C:\xcent\Classifieds\XcCPImages\XcCPAdmLogout.gif <-- sexy /mivadesign/annonces/Classifieds/XcCPImages XcCPAdmLogout.gif
115.08.02 15:15 B C:\xcent\Classifieds\XcCPImages\XcCPAdmMenuFoot.gif <-- sexy /mivadesign/annonces/Classifieds/XcCPImages XcCPAdmMenuFoot.gif
115.08.02 15:15 B C:\xcent\Classifieds\XcCPImages\XcCPAdmMenuHead.gif <-- sexy /mivadesign/annonces/Classifieds/XcCPImages XcCPAdmMenuHead.gif
115.08.02 15:15 B C:\xcent\Classifieds\XcCPImages\XcCPAdmNo.gif <-- sexy /mivadesign/annonces/Classifieds/XcCPImages XcCPAdmNo.gif
115.08.02 15:15 B C:\xcent\Classifieds\XcCPImages\XcCPAdmOpen.gif <-- sexy /mivadesign/annonces/Classifieds/XcCPImages XcCPAdmOpen.gif
115.08.02 15:15 B C:\xcent\Classifieds\XcCPImages\XcCPAdmYes.gif <-- sexy /mivadesign/annonces/Classifieds/XcCPImages XcCPAdmYes.gif
115.08.02 15:15 B C:\xcent\Classifieds\XcCPImages\XcCPBack.gif <-- sexy /mivadesign/annonces/Classifieds/XcCPImages XcCPBack.gif
115.08.02 15:15 B C:\xcent\Classifieds\XcCPImages\XcCPClose.gif <-- sexy /mivadesign/annonces/Classifieds/XcCPImages XcCPClose.gif
115.08.02 15:15 B C:\xcent\Classifieds\XcCPImages\XcCPDelete.gif <-- sexy /mivadesign/annonces/Classifieds/XcCPImages XcCPDelete.gif
115.08.02 15:15 B C:\xcent\Classifieds\XcCPImages\XcCPEdit.gif <-- sexy /mivadesign/annonces/Classifieds/XcCPImages XcCPEdit.gif
115.08.02 15:15 B C:\xcent\Classifieds\XcCPImages\XcCPFeatured.gif <-- sexy /mivadesign/annonces/Classifieds/XcCPImages XcCPFeatured.gif
115.08.02 15:15 B C:\xcent\Classifieds\XcCPImages\XcCPGallery.gif <-- sexy /mivadesign/annonces/Classifieds/XcCPImages XcCPGallery.gif
115.08.02 15:15 B C:\xcent\Classifieds\XcCPImages\XcCPHelp.gif <-- sexy /mivadesign/annonces/Classifieds/XcCPImages XcCPHelp.gif
115.08.02 15:15 B C:\xcent\Classifieds\XcCPImages\XcCPHot.gif <-- sexy /mivadesign/annonces/Classifieds/XcCPImages XcCPHot.gif
115.08.02 15:15 B C:\xcent\Classifieds\XcCPImages\XcCPImage.gif <-- sexy /mivadesign/annonces/Classifieds/XcCPImages XcCPImage.gif
115.08.02 15:15 B C:\xcent\Classifieds\XcCPImages\XcCPMail.gif <-- sexy /mivadesign/annonces/Classifieds/XcCPImages XcCPMail.gif
115.08.02 15:15 B C:\xcent\Classifieds\XcCPImages\XcCPNew.gif <-- sexy /mivadesign/annonces/Classifieds/XcCPImages XcCPNew.gif
115.08.02 15:15 B C:\xcent\Classifieds\XcCPImages\XcCPNext.gif <-- sexy /mivadesign/annonces/Classifieds/XcCPImages XcCPNext.gif
115.08.02 15:15 B C:\xcent\Classifieds\XcCPImages\XcCPPremiere.gif <-- sexy /mivadesign/annonces/Classifieds/XcCPImages XcCPPremiere.gif
115.08.02 15:15 B C:\xcent\Classifieds\XcCPImages\XcCPRelist.gif <-- sexy /mivadesign/annonces/Classifieds/XcCPImages XcCPRelist.gif
115.08.02 15:15 B C:\xcent\Classifieds\XcCPImages\XcCPTime.gif <-- sexy /mivadesign/annonces/Classifieds/XcCPImages XcCPTime.gif
115.08.02 15:15 B C:\xcent\Classifieds\XcCPImages\xcentcom.gif <-- sexy /mivadesign/annonces/Classifieds/XcCPImages xcentcom.gif
115.08.02 15:15 B C:\xcent\Classifieds\XcCPImages\XcentLogo.gif <-- sexy /mivadesign/annonces/Classifieds/XcCPImages XcentLogo.gif
