2005.08.03 22:23 B d:\yangbackup\openbiz\bin\adodb\drivers\adodb-access.inc.php --> phpopenbiz.org /public_html/bin/adodb/drivers adodb-access.inc.php
2005.08.03 22:23 B d:\yangbackup\openbiz\bin\adodb\drivers\adodb-ado.inc.php --> phpopenbiz.org /public_html/bin/adodb/drivers adodb-ado.inc.php
2005.08.03 22:23 B d:\yangbackup\openbiz\bin\adodb\drivers\adodb-ado5.inc.php --> phpopenbiz.org /public_html/bin/adodb/drivers adodb-ado5.inc.php
2005.08.03 22:23 B d:\yangbackup\openbiz\bin\adodb\drivers\adodb-ado_access.inc.php --> phpopenbiz.org /public_html/bin/adodb/drivers adodb-ado_access.inc.php
2005.08.03 22:23 B d:\yangbackup\openbiz\bin\adodb\drivers\adodb-ado_mssql.inc.php --> phpopenbiz.org /public_html/bin/adodb/drivers adodb-ado_mssql.inc.php
2005.08.03 22:23 B d:\yangbackup\openbiz\bin\adodb\drivers\adodb-borland_ibase.inc.php --> phpopenbiz.org /public_html/bin/adodb/drivers adodb-borland_ibase.inc.php
2005.08.03 22:23 B d:\yangbackup\openbiz\bin\adodb\drivers\adodb-csv.inc.php --> phpopenbiz.org /public_html/bin/adodb/drivers adodb-csv.inc.php
2005.08.03 22:23 B d:\yangbackup\openbiz\bin\adodb\drivers\adodb-db2.inc.php --> phpopenbiz.org /public_html/bin/adodb/drivers adodb-db2.inc.php
2005.08.03 22:23 B d:\yangbackup\openbiz\bin\adodb\drivers\adodb-fbsql.inc.php --> phpopenbiz.org /public_html/bin/adodb/drivers adodb-fbsql.inc.php
2005.08.03 22:23 B d:\yangbackup\openbiz\bin\adodb\drivers\adodb-firebird.inc.php --> phpopenbiz.org /public_html/bin/adodb/drivers adodb-firebird.inc.php
2005.08.03 22:23 B d:\yangbackup\openbiz\bin\adodb\drivers\adodb-ibase.inc.php --> phpopenbiz.org /public_html/bin/adodb/drivers adodb-ibase.inc.php
2005.08.03 22:23 B d:\yangbackup\openbiz\bin\adodb\drivers\adodb-informix.inc.php --> phpopenbiz.org /public_html/bin/adodb/drivers adodb-informix.inc.php
2005.08.03 22:23 B d:\yangbackup\openbiz\bin\adodb\drivers\adodb-informix72.inc.php --> phpopenbiz.org /public_html/bin/adodb/drivers adodb-informix72.inc.php
2005.08.03 22:23 B d:\yangbackup\openbiz\bin\adodb\drivers\adodb-ldap.inc.php --> phpopenbiz.org /public_html/bin/adodb/drivers adodb-ldap.inc.php
2005.08.03 22:23 B d:\yangbackup\openbiz\bin\adodb\drivers\adodb-mssql.inc.php --> phpopenbiz.org /public_html/bin/adodb/drivers adodb-mssql.inc.php
2005.08.03 22:23 B d:\yangbackup\openbiz\bin\adodb\drivers\adodb-mssqlpo.inc.php --> phpopenbiz.org /public_html/bin/adodb/drivers adodb-mssqlpo.inc.php
2005.08.03 22:23 B d:\yangbackup\openbiz\bin\adodb\drivers\adodb-mysql.inc.php --> phpopenbiz.org /public_html/bin/adodb/drivers adodb-mysql.inc.php
2005.08.03 22:23 B d:\yangbackup\openbiz\bin\adodb\drivers\adodb-mysqli.inc.php --> phpopenbiz.org /public_html/bin/adodb/drivers adodb-mysqli.inc.php
2005.08.03 22:23 B d:\yangbackup\openbiz\bin\adodb\drivers\adodb-mysqlt.inc.php --> phpopenbiz.org /public_html/bin/adodb/drivers adodb-mysqlt.inc.php
2005.08.03 22:23 B d:\yangbackup\openbiz\bin\adodb\drivers\adodb-netezza.inc.php --> phpopenbiz.org /public_html/bin/adodb/drivers adodb-netezza.inc.php
2005.08.03 22:23 B d:\yangbackup\openbiz\bin\adodb\drivers\adodb-oci8.inc.php --> phpopenbiz.org /public_html/bin/adodb/drivers adodb-oci8.inc.php
2005.08.03 22:23 B d:\yangbackup\openbiz\bin\adodb\drivers\adodb-oci805.inc.php --> phpopenbiz.org /public_html/bin/adodb/drivers adodb-oci805.inc.php
2005.08.03 22:23 B d:\yangbackup\openbiz\bin\adodb\drivers\adodb-oci8po.inc.php --> phpopenbiz.org /public_html/bin/adodb/drivers adodb-oci8po.inc.php
2005.08.03 22:23 B d:\yangbackup\openbiz\bin\adodb\drivers\adodb-odbc.inc.php --> phpopenbiz.org /public_html/bin/adodb/drivers adodb-odbc.inc.php
2005.08.03 22:23 B d:\yangbackup\openbiz\bin\adodb\drivers\adodb-odbc_mssql.inc.php --> phpopenbiz.org /public_html/bin/adodb/drivers adodb-odbc_mssql.inc.php
2005.08.03 22:23 B d:\yangbackup\openbiz\bin\adodb\drivers\adodb-odbc_oracle.inc.php --> phpopenbiz.org /public_html/bin/adodb/drivers adodb-odbc_oracle.inc.php
2005.08.03 22:23 B d:\yangbackup\openbiz\bin\adodb\drivers\adodb-odbtp.inc.php --> phpopenbiz.org /public_html/bin/adodb/drivers adodb-odbtp.inc.php
2005.08.03 22:23 B d:\yangbackup\openbiz\bin\adodb\drivers\adodb-odbtp_unicode.inc.php --> phpopenbiz.org /public_html/bin/adodb/drivers adodb-odbtp_unicode.inc.php
2005.08.03 22:23 B d:\yangbackup\openbiz\bin\adodb\drivers\adodb-oracle.inc.php --> phpopenbiz.org /public_html/bin/adodb/drivers adodb-oracle.inc.php
2005.08.03 22:23 B d:\yangbackup\openbiz\bin\adodb\drivers\adodb-pdo.inc.php --> phpopenbiz.org /public_html/bin/adodb/drivers adodb-pdo.inc.php
2005.08.03 22:23 B d:\yangbackup\openbiz\bin\adodb\drivers\adodb-postgres.inc.php --> phpopenbiz.org /public_html/bin/adodb/drivers adodb-postgres.inc.php
2005.08.03 22:23 B d:\yangbackup\openbiz\bin\adodb\drivers\adodb-postgres64.inc.php --> phpopenbiz.org /public_html/bin/adodb/drivers adodb-postgres64.inc.php
2005.08.03 22:23 B d:\yangbackup\openbiz\bin\adodb\drivers\adodb-postgres7.inc.php --> phpopenbiz.org /public_html/bin/adodb/drivers adodb-postgres7.inc.php
2005.08.03 22:23 B d:\yangbackup\openbiz\bin\adodb\drivers\adodb-proxy.inc.php --> phpopenbiz.org /public_html/bin/adodb/drivers adodb-proxy.inc.php
2005.08.03 22:23 B d:\yangbackup\openbiz\bin\adodb\drivers\adodb-sapdb.inc.php --> phpopenbiz.org /public_html/bin/adodb/drivers adodb-sapdb.inc.php
2005.08.03 22:23 B d:\yangbackup\openbiz\bin\adodb\drivers\adodb-sqlanywhere.inc.php --> phpopenbiz.org /public_html/bin/adodb/drivers adodb-sqlanywhere.inc.php
2005.08.03 22:23 B d:\yangbackup\openbiz\bin\adodb\drivers\adodb-sqlite.inc.php --> phpopenbiz.org /public_html/bin/adodb/drivers adodb-sqlite.inc.php
2005.08.03 22:24 B d:\yangbackup\openbiz\bin\adodb\drivers\adodb-sqlite.inc.php.bak --> phpopenbiz.org /public_html/bin/adodb/drivers adodb-sqlite.inc.php.bak
2005.08.03 22:24 B d:\yangbackup\openbiz\bin\adodb\drivers\adodb-sqlitepo.inc.php --> phpopenbiz.org /public_html/bin/adodb/drivers adodb-sqlitepo.inc.php
2005.08.03 22:24 B d:\yangbackup\openbiz\bin\adodb\drivers\adodb-sybase.inc.php --> phpopenbiz.org /public_html/bin/adodb/drivers adodb-sybase.inc.php
2005.08.03 22:24 B d:\yangbackup\openbiz\bin\adodb\drivers\adodb-vfp.inc.php --> phpopenbiz.org /public_html/bin/adodb/drivers adodb-vfp.inc.php
2005.08.17 09:28 B d:\Program Files\Apache Group\Apache\htdocs\openbiz\bin\adodb\drivers\adodb-mysql.inc.php --> phpopenbiz.org /public_html/bin/adodb/drivers adodb-mysql.inc.php
2005.08.17 09:30 B d:\Program Files\Apache Group\Apache\htdocs\openbiz\bin\adodb\drivers\adodb-mysql.inc.php --> phpopenbiz.org /public_html/bin/adodb/drivers adodb-mysql.inc.php
2005.08.17 09:33 B d:\Program Files\Apache Group\Apache\htdocs\openbiz\bin\adodb\drivers\adodb-mysql.inc.php --> phpopenbiz.org /public_html/bin/adodb/drivers adodb-mysql.inc.php
2005.08.17 09:35 B d:\Program Files\Apache Group\Apache\htdocs\openbiz\bin\adodb\drivers\adodb-mysql.inc.php --> phpopenbiz.org /public_html/bin/adodb/drivers adodb-mysql.inc.php
2005.08.17 09:38 B d:\Program Files\Apache Group\Apache\htdocs\openbiz\bin\adodb\drivers\adodb-mysql.inc.php --> phpopenbiz.org /public_html/bin/adodb/drivers adodb-mysql.inc.php
2005.08.17 09:40 B d:\Program Files\Apache Group\Apache\htdocs\openbiz\bin\adodb\drivers\adodb-mysql.inc.php --> phpopenbiz.org /public_html/bin/adodb/drivers adodb-mysql.inc.php
2005.08.17 09:45 B d:\Program Files\Apache Group\Apache\htdocs\openbiz\bin\adodb\drivers\adodb-mysql.inc.php --> phpopenbiz.org /public_html/bin/adodb/drivers adodb-mysql.inc.php
