2002.11.30 22:33 B C:\Documents and Settings\Alec\Desktop\v1\i\admin-header.jpg --> edgepanel.com /httpdocs/test/i admin-header.jpg
2002.11.30 22:33 B C:\Documents and Settings\Alec\Desktop\v1\i\admin-logo.jpg --> edgepanel.com /httpdocs/test/i admin-logo.jpg
2002.11.30 22:33 B C:\Documents and Settings\Alec\Desktop\v1\i\chat-navbar-bg.jpg --> edgepanel.com /httpdocs/test/i chat-navbar-bg.jpg
2002.11.30 22:33 B C:\Documents and Settings\Alec\Desktop\v1\i\h-separator.gif --> edgepanel.com /httpdocs/test/i h-separator.gif
2002.11.30 22:33 B C:\Documents and Settings\Alec\Desktop\v1\i\information.gif --> edgepanel.com /httpdocs/test/i information.gif
2002.11.30 22:33 B C:\Documents and Settings\Alec\Desktop\v1\i\keys.jpg --> edgepanel.com /httpdocs/test/i keys.jpg
2002.11.30 22:33 B C:\Documents and Settings\Alec\Desktop\v1\i\linebg.gif --> edgepanel.com /httpdocs/test/i linebg.gif
2002.11.30 22:33 B C:\Documents and Settings\Alec\Desktop\v1\i\linetop.gif --> edgepanel.com /httpdocs/test/i linetop.gif
2002.11.30 22:33 B C:\Documents and Settings\Alec\Desktop\v1\i\livechat-header.jpg --> edgepanel.com /httpdocs/test/i livechat-header.jpg
2002.11.30 22:33 B C:\Documents and Settings\Alec\Desktop\v1\i\logout.gif --> edgepanel.com /httpdocs/test/i logout.gif
2002.11.30 22:33 B C:\Documents and Settings\Alec\Desktop\v1\i\main-background.jpg --> edgepanel.com /httpdocs/test/i main-background.jpg
2002.11.30 22:33 B C:\Documents and Settings\Alec\Desktop\v1\i\main-bottom.gif --> edgepanel.com /httpdocs/test/i main-bottom.gif
2002.11.30 22:33 B C:\Documents and Settings\Alec\Desktop\v1\i\navbar-bg.jpg --> edgepanel.com /httpdocs/test/i navbar-bg.jpg
2002.11.30 22:33 B C:\Documents and Settings\Alec\Desktop\v1\i\news-item.jpg --> edgepanel.com /httpdocs/test/i news-item.jpg
2002.11.30 22:33 B C:\Documents and Settings\Alec\Desktop\v1\i\rlinebg.gif --> edgepanel.com /httpdocs/test/i rlinebg.gif
2002.11.30 22:33 B C:\Documents and Settings\Alec\Desktop\v1\i\spacer.gif --> edgepanel.com /httpdocs/test/i spacer.gif
2002.11.30 22:33 B C:\Documents and Settings\Alec\Desktop\v1\i\topbar-left.jpg --> edgepanel.com /httpdocs/test/i topbar-left.jpg
2002.11.30 22:33 B C:\Documents and Settings\Alec\Desktop\v1\i\topbar-name.jpg --> edgepanel.com /httpdocs/test/i topbar-name.jpg
2002.11.30 22:33 B C:\Documents and Settings\Alec\Desktop\v1\i\topbar-right.jpg --> edgepanel.com /httpdocs/test/i topbar-right.jpg
2002.11.30 22:34 B C:\Documents and Settings\Alec\Desktop\v1\i\tree-arrow.gif --> edgepanel.com /httpdocs/test/i tree-arrow.gif
2002.11.30 22:34 B C:\Documents and Settings\Alec\Desktop\v1\i\user-logout.gif --> edgepanel.com /httpdocs/test/i user-logout.gif
2002.11.30 22:34 B C:\Documents and Settings\Alec\Desktop\v1\i\warning.gif --> edgepanel.com /httpdocs/test/i warning.gif
