115.08.02 15:15 B C:\xcent\Classifieds\adovbs.inc <-- sexy /mivadesign/annonces/Classifieds adovbs.inc
115.08.02 15:15 B C:\xcent\Classifieds\default.asp <-- sexy /mivadesign/annonces/Classifieds default.asp
115.08.02 15:15 B C:\xcent\Classifieds\XcASPEmailLib.asp <-- sexy /mivadesign/annonces/Classifieds XcASPEmailLib.asp
115.08.02 15:15 B C:\xcent\Classifieds\XcASPMailLib.asp <-- sexy /mivadesign/annonces/Classifieds XcASPMailLib.asp
115.08.02 15:15 B C:\xcent\Classifieds\XcASPQMailLib.asp <-- sexy /mivadesign/annonces/Classifieds XcASPQMailLib.asp
115.08.02 15:15 B C:\xcent\Classifieds\XcBambooSMTPLib.asp <-- sexy /mivadesign/annonces/Classifieds XcBambooSMTPLib.asp
115.08.02 15:15 B C:\xcent\Classifieds\XcCdontsLib.asp <-- sexy /mivadesign/annonces/Classifieds XcCdontsLib.asp
115.08.02 15:15 B C:\xcent\Classifieds\XcClassPro.asp <-- sexy /mivadesign/annonces/Classifieds XcClassPro.asp
115.08.02 15:15 B C:\xcent\Classifieds\XcCPAccProLib.asp <-- sexy /mivadesign/annonces/Classifieds XcCPAccProLib.asp
115.08.02 15:15 B C:\xcent\Classifieds\XcCPAddClass.asp <-- sexy /mivadesign/annonces/Classifieds XcCPAddClass.asp
115.08.02 15:15 B C:\xcent\Classifieds\XcCPAdEdited.htm <-- sexy /mivadesign/annonces/Classifieds XcCPAdEdited.htm
115.08.02 15:15 B C:\xcent\Classifieds\XcCPAdExpired.htm <-- sexy /mivadesign/annonces/Classifieds XcCPAdExpired.htm
115.08.02 15:15 B C:\xcent\Classifieds\XcCPAdmCatMaint.asp <-- sexy /mivadesign/annonces/Classifieds XcCPAdmCatMaint.asp
115.08.02 15:15 B C:\xcent\Classifieds\XcCPAdmCatMaint.htm <-- sexy /mivadesign/annonces/Classifieds XcCPAdmCatMaint.htm
115.08.02 15:15 B C:\xcent\Classifieds\XcCPAdmCheckVersion.asp <-- sexy /mivadesign/annonces/Classifieds XcCPAdmCheckVersion.asp
115.08.02 15:15 B C:\xcent\Classifieds\XcCPAdmConfig.asp <-- sexy /mivadesign/annonces/Classifieds XcCPAdmConfig.asp
115.08.02 15:15 B C:\xcent\Classifieds\XcCPAdmConfigDefIcon.gif <-- sexy /mivadesign/annonces/Classifieds XcCPAdmConfigDefIcon.gif
115.08.02 15:15 B C:\xcent\Classifieds\XcCPAdmConfigForm.htm <-- sexy /mivadesign/annonces/Classifieds XcCPAdmConfigForm.htm
115.08.02 15:15 B C:\xcent\Classifieds\XcCPAdmConfigList.htm <-- sexy /mivadesign/annonces/Classifieds XcCPAdmConfigList.htm
115.08.02 15:15 B C:\xcent\Classifieds\XcCPAdmConfigMaker.asp <-- sexy /mivadesign/annonces/Classifieds XcCPAdmConfigMaker.asp
115.08.02 15:15 B C:\xcent\Classifieds\XcCPAdmConfigMoreInfo.gif <-- sexy /mivadesign/annonces/Classifieds XcCPAdmConfigMoreInfo.gif
115.08.02 15:15 B C:\xcent\Classifieds\XcCPAdmConfigRWTestFailed.htm <-- sexy /mivadesign/annonces/Classifieds XcCPAdmConfigRWTestFailed.htm
115.08.02 15:15 B C:\xcent\Classifieds\XcCPAdmEditDBParams.asp <-- sexy /mivadesign/annonces/Classifieds XcCPAdmEditDBParams.asp
115.08.02 15:15 B C:\xcent\Classifieds\XcCPAdmEmailTempEditor.asp <-- sexy /mivadesign/annonces/Classifieds XcCPAdmEmailTempEditor.asp
115.08.02 15:15 B C:\xcent\Classifieds\XcCPAdmIcons.asp <-- sexy /mivadesign/annonces/Classifieds XcCPAdmIcons.asp
115.08.02 15:15 B C:\xcent\Classifieds\XcCPAdmin.asp <-- sexy /mivadesign/annonces/Classifieds XcCPAdmin.asp
115.08.02 15:15 B C:\xcent\Classifieds\XcCPAdminReentry.asp <-- sexy /mivadesign/annonces/Classifieds XcCPAdminReentry.asp
115.08.02 15:15 B C:\xcent\Classifieds\XcCPAdmLangUSEng.asp <-- sexy /mivadesign/annonces/Classifieds XcCPAdmLangUSEng.asp
115.08.02 15:15 B C:\xcent\Classifieds\XcCPAdmLib.asp <-- sexy /mivadesign/annonces/Classifieds XcCPAdmLib.asp
115.08.02 15:15 B C:\xcent\Classifieds\XcCPAdmLogout.asp <-- sexy /mivadesign/annonces/Classifieds XcCPAdmLogout.asp
115.08.02 15:15 B C:\xcent\Classifieds\XcCPAdmLogout.htm <-- sexy /mivadesign/annonces/Classifieds XcCPAdmLogout.htm
115.08.02 15:15 B C:\xcent\Classifieds\XcCPAdmMaintainAds.asp <-- sexy /mivadesign/annonces/Classifieds XcCPAdmMaintainAds.asp
115.08.02 15:15 B C:\xcent\Classifieds\XcCPAdmProcessClosings.asp <-- sexy /mivadesign/annonces/Classifieds XcCPAdmProcessClosings.asp
115.08.02 15:15 B C:\xcent\Classifieds\XcCPAdmProcessClosings.htm <-- sexy /mivadesign/annonces/Classifieds XcCPAdmProcessClosings.htm
115.08.02 15:15 B C:\xcent\Classifieds\XcCPAdmProcessClosingsRun.asp <-- sexy /mivadesign/annonces/Classifieds XcCPAdmProcessClosingsRun.asp
115.08.02 15:15 B C:\xcent\Classifieds\XcCPAdmProcessClosingsRun.htm <-- sexy /mivadesign/annonces/Classifieds XcCPAdmProcessClosingsRun.htm
115.08.02 15:15 B C:\xcent\Classifieds\XcCPAdmRegions.asp <-- sexy /mivadesign/annonces/Classifieds XcCPAdmRegions.asp
115.08.02 15:15 B C:\xcent\Classifieds\XcCPAdmRemoveUserImgs.asp <-- sexy /mivadesign/annonces/Classifieds XcCPAdmRemoveUserImgs.asp
115.08.02 15:15 B C:\xcent\Classifieds\XcCPAdmRemoveUserImgs.htm <-- sexy /mivadesign/annonces/Classifieds XcCPAdmRemoveUserImgs.htm
115.08.02 15:15 B C:\xcent\Classifieds\XcCPAdmRemoveUserImgsRun.asp <-- sexy /mivadesign/annonces/Classifieds XcCPAdmRemoveUserImgsRun.asp
115.08.02 15:15 B C:\xcent\Classifieds\XcCPAdmRemoveUserImgsRun.htm <-- sexy /mivadesign/annonces/Classifieds XcCPAdmRemoveUserImgsRun.htm
115.08.02 15:15 B C:\xcent\Classifieds\XcCPAdmRWTest.asp <-- sexy /mivadesign/annonces/Classifieds XcCPAdmRWTest.asp
115.08.02 15:15 B C:\xcent\Classifieds\XcCPAdmRWTest.htm <-- sexy /mivadesign/annonces/Classifieds XcCPAdmRWTest.htm
115.08.02 15:15 B C:\xcent\Classifieds\XcCPAdmSendEmail.asp <-- sexy /mivadesign/annonces/Classifieds XcCPAdmSendEmail.asp
115.08.02 15:15 B C:\xcent\Classifieds\XcCPAdmSysTempEditor.asp <-- sexy /mivadesign/annonces/Classifieds XcCPAdmSysTempEditor.asp
115.08.02 15:15 B C:\xcent\Classifieds\XcCPAdmTempEditor.asp <-- sexy /mivadesign/annonces/Classifieds XcCPAdmTempEditor.asp
115.08.02 15:15 B C:\xcent\Classifieds\XcCPAdmTemplate.htm <-- sexy /mivadesign/annonces/Classifieds XcCPAdmTemplate.htm
115.08.02 15:15 B C:\xcent\Classifieds\XcCPAdmUpdCatCounts.asp <-- sexy /mivadesign/annonces/Classifieds XcCPAdmUpdCatCounts.asp
115.08.02 15:15 B C:\xcent\Classifieds\XcCPAdmUpdCatCountsComplete.htm <-- sexy /mivadesign/annonces/Classifieds XcCPAdmUpdCatCountsComplete.htm
115.08.02 15:15 B C:\xcent\Classifieds\XcCPAdmUpdCatCountsConfirm.htm <-- sexy /mivadesign/annonces/Classifieds XcCPAdmUpdCatCountsConfirm.htm
115.08.02 15:15 B C:\xcent\Classifieds\XcCPBuyerGuide.asp <-- sexy /mivadesign/annonces/Classifieds XcCPBuyerGuide.asp
115.08.02 15:15 B C:\xcent\Classifieds\XcCPBuyerGuide.htm <-- sexy /mivadesign/annonces/Classifieds XcCPBuyerGuide.htm
115.08.02 15:15 B C:\xcent\Classifieds\XcCPConfig-Backup.asp <-- sexy /mivadesign/annonces/Classifieds XcCPConfig-Backup.asp
115.08.02 15:15 B C:\xcent\Classifieds\XcCPConfig.asp <-- sexy /mivadesign/annonces/Classifieds XcCPConfig.asp
115.08.02 15:15 B C:\xcent\Classifieds\XcCPdb.asp <-- sexy /mivadesign/annonces/Classifieds XcCPdb.asp
115.08.02 15:15 B C:\xcent\Classifieds\XcCPDirtyWords.txt <-- sexy /mivadesign/annonces/Classifieds XcCPDirtyWords.txt
115.08.02 15:15 B C:\xcent\Classifieds\XcCPDisabled.asp <-- sexy /mivadesign/annonces/Classifieds XcCPDisabled.asp
115.08.02 15:15 B C:\xcent\Classifieds\XcCPDisabled.htm <-- sexy /mivadesign/annonces/Classifieds XcCPDisabled.htm
115.08.02 15:15 B C:\xcent\Classifieds\XcCPDoIMGUpload.asp <-- sexy /mivadesign/annonces/Classifieds XcCPDoIMGUpload.asp
115.08.02 15:15 B C:\xcent\Classifieds\XcCPHelp.asp <-- sexy /mivadesign/annonces/Classifieds XcCPHelp.asp
115.08.02 15:15 B C:\xcent\Classifieds\XcCPHelpMenu.htm <-- sexy /mivadesign/annonces/Classifieds XcCPHelpMenu.htm
115.08.02 15:15 B C:\xcent\Classifieds\XcCPLangUSEng.asp <-- sexy /mivadesign/annonces/Classifieds XcCPLangUSEng.asp
115.08.02 15:15 B C:\xcent\Classifieds\XcCPLib.asp <-- sexy /mivadesign/annonces/Classifieds XcCPLib.asp
115.08.02 15:15 B C:\xcent\Classifieds\XcCPMailToFriend.asp <-- sexy /mivadesign/annonces/Classifieds XcCPMailToFriend.asp
115.08.02 15:15 B C:\xcent\Classifieds\XcCPMailUTU.asp <-- sexy /mivadesign/annonces/Classifieds XcCPMailUTU.asp
115.08.02 15:15 B C:\xcent\Classifieds\XcCPMailUTU.htm <-- sexy /mivadesign/annonces/Classifieds XcCPMailUTU.htm
115.08.02 15:15 B C:\xcent\Classifieds\XcCPManageAds.asp <-- sexy /mivadesign/annonces/Classifieds XcCPManageAds.asp
115.08.02 15:15 B C:\xcent\Classifieds\XcCPMembership.asp <-- sexy /mivadesign/annonces/Classifieds XcCPMembership.asp
115.08.02 15:15 B C:\xcent\Classifieds\XcCPMembership.htm <-- sexy /mivadesign/annonces/Classifieds XcCPMembership.htm
115.08.02 15:15 B C:\xcent\Classifieds\XcCPNoBillingInfo.htm <-- sexy /mivadesign/annonces/Classifieds XcCPNoBillingInfo.htm
115.08.02 15:15 B C:\xcent\Classifieds\XcCPPostClass.asp <-- sexy /mivadesign/annonces/Classifieds XcCPPostClass.asp
115.08.02 15:15 B C:\xcent\Classifieds\XcCPPrivacyPolicy.asp <-- sexy /mivadesign/annonces/Classifieds XcCPPrivacyPolicy.asp
115.08.02 15:15 B C:\xcent\Classifieds\XcCPPrivacyPolicy.htm <-- sexy /mivadesign/annonces/Classifieds XcCPPrivacyPolicy.htm
115.08.02 15:15 B C:\xcent\Classifieds\XcCPRelistNotice.htm <-- sexy /mivadesign/annonces/Classifieds XcCPRelistNotice.htm
115.08.02 15:15 B C:\xcent\Classifieds\XcCPReviewItem.htm <-- sexy /mivadesign/annonces/Classifieds XcCPReviewItem.htm
115.08.02 15:15 B C:\xcent\Classifieds\XcCPSearch.asp <-- sexy /mivadesign/annonces/Classifieds XcCPSearch.asp
115.08.02 15:15 B C:\xcent\Classifieds\XcCPSellerGuide.asp <-- sexy /mivadesign/annonces/Classifieds XcCPSellerGuide.asp
115.08.02 15:15 B C:\xcent\Classifieds\XcCPSellerGuide.htm <-- sexy /mivadesign/annonces/Classifieds XcCPSellerGuide.htm
115.08.02 15:15 B C:\xcent\Classifieds\XcCPTemplate.htm <-- sexy /mivadesign/annonces/Classifieds XcCPTemplate.htm
115.08.02 15:15 B C:\xcent\Classifieds\XcCPThankYouCharge.htm <-- sexy /mivadesign/annonces/Classifieds XcCPThankYouCharge.htm
115.08.02 15:15 B C:\xcent\Classifieds\XcCPThankYouModerated.htm <-- sexy /mivadesign/annonces/Classifieds XcCPThankYouModerated.htm
115.08.02 15:15 B C:\xcent\Classifieds\XcCPThankYouNoCharge.htm <-- sexy /mivadesign/annonces/Classifieds XcCPThankYouNoCharge.htm
115.08.02 15:15 B C:\xcent\Classifieds\XcCPUploadImage.asp <-- sexy /mivadesign/annonces/Classifieds XcCPUploadImage.asp
115.08.02 15:15 B C:\xcent\Classifieds\XcCPUploadImage.htm <-- sexy /mivadesign/annonces/Classifieds XcCPUploadImage.htm
115.08.02 15:15 B C:\xcent\Classifieds\XcCPUserAgreement.asp <-- sexy /mivadesign/annonces/Classifieds XcCPUserAgreement.asp
115.08.02 15:15 B C:\xcent\Classifieds\XcCPUserAgreement.htm <-- sexy /mivadesign/annonces/Classifieds XcCPUserAgreement.htm
115.08.02 15:15 B C:\xcent\Classifieds\XcCPUserDisabled.htm <-- sexy /mivadesign/annonces/Classifieds XcCPUserDisabled.htm
115.08.02 15:15 B C:\xcent\Classifieds\XcCPViewInCat.asp <-- sexy /mivadesign/annonces/Classifieds XcCPViewInCat.asp
115.08.02 15:15 B C:\xcent\Classifieds\XcCPViewItem.asp <-- sexy /mivadesign/annonces/Classifieds XcCPViewItem.asp
115.08.02 15:15 B C:\xcent\Classifieds\XcDevelopMailLib.asp <-- sexy /mivadesign/annonces/Classifieds XcDevelopMailLib.asp
115.08.02 15:15 B C:\xcent\Classifieds\XcDiag.asp <-- sexy /mivadesign/annonces/Classifieds XcDiag.asp
115.08.02 15:15 B C:\xcent\Classifieds\XcJMailLib.asp <-- sexy /mivadesign/annonces/Classifieds XcJMailLib.asp
115.08.02 15:15 B C:\xcent\Classifieds\XcSmartMailLib.asp <-- sexy /mivadesign/annonces/Classifieds XcSmartMailLib.asp
115.08.02 15:15 B C:\xcent\Classifieds\XcTestASPEMail.asp <-- sexy /mivadesign/annonces/Classifieds XcTestASPEMail.asp
115.08.02 15:15 B C:\xcent\Classifieds\XcTestASPMail.asp <-- sexy /mivadesign/annonces/Classifieds XcTestASPMail.asp
115.08.02 15:15 B C:\xcent\Classifieds\XcTestASPQMail.asp <-- sexy /mivadesign/annonces/Classifieds XcTestASPQMail.asp
115.08.02 15:15 B C:\xcent\Classifieds\XcTestBambooSMTP.asp <-- sexy /mivadesign/annonces/Classifieds XcTestBambooSMTP.asp
115.08.02 15:15 B C:\xcent\Classifieds\XcTestCdonts.asp <-- sexy /mivadesign/annonces/Classifieds XcTestCdonts.asp
115.08.02 15:15 B C:\xcent\Classifieds\XcTestJMail.asp <-- sexy /mivadesign/annonces/Classifieds XcTestJMail.asp
115.08.02 15:15 B C:\xcent\Classifieds\XcTestSmartMail.asp <-- sexy /mivadesign/annonces/Classifieds XcTestSmartMail.asp
