2002.06.30 13:21 A C:\WINDOWS\Desktop\scripts\cac-to-mec\CAC_import_users_tmp.sql <-- hosting1.myecom.net /scripts/cac-to-mec CAC_import_users_tmp.sql
2002.06.30 13:21 A C:\WINDOWS\Desktop\scripts\cac-to-mec\conf.inc.php <-- hosting1.myecom.net /scripts/cac-to-mec conf.inc.php
2002.06.30 13:21 A C:\WINDOWS\Desktop\scripts\cac-to-mec\functions.inc.php <-- hosting1.myecom.net /scripts/cac-to-mec functions.inc.php
2002.06.30 13:21 A C:\WINDOWS\Desktop\scripts\cac-to-mec\import_banners.php <-- hosting1.myecom.net /scripts/cac-to-mec import_banners.php
2002.06.30 13:22 A C:\WINDOWS\Desktop\scripts\cac-to-mec\import_emails.php <-- hosting1.myecom.net /scripts/cac-to-mec import_emails.php
2002.06.30 13:22 A C:\WINDOWS\Desktop\scripts\cac-to-mec\import_gold.php <-- hosting1.myecom.net /scripts/cac-to-mec import_gold.php
2002.06.30 13:22 A C:\WINDOWS\Desktop\scripts\cac-to-mec\import_ptc.php <-- hosting1.myecom.net /scripts/cac-to-mec import_ptc.php
2002.06.30 13:22 A C:\WINDOWS\Desktop\scripts\cac-to-mec\import_redeem.php <-- hosting1.myecom.net /scripts/cac-to-mec import_redeem.php
2002.06.30 13:22 A C:\WINDOWS\Desktop\scripts\cac-to-mec\import_users_step_1.php <-- hosting1.myecom.net /scripts/cac-to-mec import_users_step_1.php
2002.06.30 13:22 A C:\WINDOWS\Desktop\scripts\cac-to-mec\import_users_step_2.php <-- hosting1.myecom.net /scripts/cac-to-mec import_users_step_2.php
2002.06.30 13:22 A C:\WINDOWS\Desktop\scripts\cac-to-mec\makepages.php <-- hosting1.myecom.net /scripts/cac-to-mec makepages.php
2002.06.30 14:06 A C:\WINDOWS\Desktop\Cac Upgrades FTP\scripts\cac-to-mec\CAC_import_users_tmp.sql --> 65.241.72.5 /www/scripts/cac-to-mec CAC_import_users_tmp.sql
2002.06.30 14:06 A C:\WINDOWS\Desktop\Cac Upgrades FTP\scripts\cac-to-mec\conf.inc.php --> 65.241.72.5 /www/scripts/cac-to-mec conf.inc.php
2002.06.30 14:06 A C:\WINDOWS\Desktop\Cac Upgrades FTP\scripts\cac-to-mec\functions.inc.php --> 65.241.72.5 /www/scripts/cac-to-mec functions.inc.php
2002.06.30 14:06 A C:\WINDOWS\Desktop\Cac Upgrades FTP\scripts\cac-to-mec\import_banners.php --> 65.241.72.5 /www/scripts/cac-to-mec import_banners.php
2002.06.30 14:06 A C:\WINDOWS\Desktop\Cac Upgrades FTP\scripts\cac-to-mec\import_emails.php --> 65.241.72.5 /www/scripts/cac-to-mec import_emails.php
2002.06.30 14:06 A C:\WINDOWS\Desktop\Cac Upgrades FTP\scripts\cac-to-mec\import_gold.php --> 65.241.72.5 /www/scripts/cac-to-mec import_gold.php
2002.06.30 14:06 A C:\WINDOWS\Desktop\Cac Upgrades FTP\scripts\cac-to-mec\import_ptc.php --> 65.241.72.5 /www/scripts/cac-to-mec import_ptc.php
2002.06.30 14:06 A C:\WINDOWS\Desktop\Cac Upgrades FTP\scripts\cac-to-mec\import_redeem.php --> 65.241.72.5 /www/scripts/cac-to-mec import_redeem.php
2002.06.30 14:06 A C:\WINDOWS\Desktop\Cac Upgrades FTP\scripts\cac-to-mec\import_users_step_1.php --> 65.241.72.5 /www/scripts/cac-to-mec import_users_step_1.php
2002.06.30 14:06 A C:\WINDOWS\Desktop\Cac Upgrades FTP\scripts\cac-to-mec\import_users_step_2.php --> 65.241.72.5 /www/scripts/cac-to-mec import_users_step_2.php
2002.06.30 14:06 A C:\WINDOWS\Desktop\Cac Upgrades FTP\scripts\cac-to-mec\makepages.php --> 65.241.72.5 /www/scripts/cac-to-mec makepages.php
2002.06.30 14:06 A C:\WINDOWS\Desktop\Cac Upgrades FTP\scripts\cac-to-mec\WS_FTP.LOG --> 65.241.72.5 /www/scripts/cac-to-mec WS_FTP.LOG
2002.06.30 14:38 A C:\WINDOWS\Desktop\Cac Upgrades FTP\scripts\cac-to-mec\CAC_import_users_tmp.sql --> ftp.dollarsbyemail.com /dollarsb-www/scripts/cac-to-mec CAC_import_users_tmp.sql
2002.06.30 14:38 A C:\WINDOWS\Desktop\Cac Upgrades FTP\scripts\cac-to-mec\conf.inc.php --> ftp.dollarsbyemail.com /dollarsb-www/scripts/cac-to-mec conf.inc.php
2002.06.30 14:38 A C:\WINDOWS\Desktop\Cac Upgrades FTP\scripts\cac-to-mec\functions.inc.php --> ftp.dollarsbyemail.com /dollarsb-www/scripts/cac-to-mec functions.inc.php
2002.06.30 14:38 A C:\WINDOWS\Desktop\Cac Upgrades FTP\scripts\cac-to-mec\import_banners.php --> ftp.dollarsbyemail.com /dollarsb-www/scripts/cac-to-mec import_banners.php
2002.06.30 14:38 A C:\WINDOWS\Desktop\Cac Upgrades FTP\scripts\cac-to-mec\import_emails.php --> ftp.dollarsbyemail.com /dollarsb-www/scripts/cac-to-mec import_emails.php
2002.06.30 14:38 A C:\WINDOWS\Desktop\Cac Upgrades FTP\scripts\cac-to-mec\import_gold.php --> ftp.dollarsbyemail.com /dollarsb-www/scripts/cac-to-mec import_gold.php
2002.06.30 14:38 A C:\WINDOWS\Desktop\Cac Upgrades FTP\scripts\cac-to-mec\import_ptc.php --> ftp.dollarsbyemail.com /dollarsb-www/scripts/cac-to-mec import_ptc.php
2002.06.30 14:38 A C:\WINDOWS\Desktop\Cac Upgrades FTP\scripts\cac-to-mec\import_redeem.php --> ftp.dollarsbyemail.com /dollarsb-www/scripts/cac-to-mec import_redeem.php
2002.06.30 14:38 A C:\WINDOWS\Desktop\Cac Upgrades FTP\scripts\cac-to-mec\import_users_step_1.php --> ftp.dollarsbyemail.com /dollarsb-www/scripts/cac-to-mec import_users_step_1.php
2002.06.30 14:38 A C:\WINDOWS\Desktop\Cac Upgrades FTP\scripts\cac-to-mec\import_users_step_2.php --> ftp.dollarsbyemail.com /dollarsb-www/scripts/cac-to-mec import_users_step_2.php
2002.06.30 14:38 A C:\WINDOWS\Desktop\Cac Upgrades FTP\scripts\cac-to-mec\makepages.php --> ftp.dollarsbyemail.com /dollarsb-www/scripts/cac-to-mec makepages.php
2002.06.30 14:38 A C:\WINDOWS\Desktop\Cac Upgrades FTP\scripts\cac-to-mec\WS_FTP.LOG --> ftp.dollarsbyemail.com /dollarsb-www/scripts/cac-to-mec WS_FTP.LOG
2002.06.30 14:48 A C:\WINDOWS\Desktop\Cac Upgrades FTP\scripts\cac-to-mec\CAC_import_users_tmp.sql --> 1000levels.com /public_html/scripts/cac-to-mec CAC_import_users_tmp.sql
2002.06.30 14:48 A C:\WINDOWS\Desktop\Cac Upgrades FTP\scripts\cac-to-mec\conf.inc.php --> 1000levels.com /public_html/scripts/cac-to-mec conf.inc.php
2002.06.30 14:48 A C:\WINDOWS\Desktop\Cac Upgrades FTP\scripts\cac-to-mec\functions.inc.php --> 1000levels.com /public_html/scripts/cac-to-mec functions.inc.php
2002.06.30 14:48 A C:\WINDOWS\Desktop\Cac Upgrades FTP\scripts\cac-to-mec\import_banners.php --> 1000levels.com /public_html/scripts/cac-to-mec import_banners.php
2002.06.30 14:48 A C:\WINDOWS\Desktop\Cac Upgrades FTP\scripts\cac-to-mec\import_emails.php --> 1000levels.com /public_html/scripts/cac-to-mec import_emails.php
2002.06.30 14:48 A C:\WINDOWS\Desktop\Cac Upgrades FTP\scripts\cac-to-mec\import_gold.php --> 1000levels.com /public_html/scripts/cac-to-mec import_gold.php
2002.06.30 14:48 A C:\WINDOWS\Desktop\Cac Upgrades FTP\scripts\cac-to-mec\import_ptc.php --> 1000levels.com /public_html/scripts/cac-to-mec import_ptc.php
2002.06.30 14:48 A C:\WINDOWS\Desktop\Cac Upgrades FTP\scripts\cac-to-mec\import_redeem.php --> 1000levels.com /public_html/scripts/cac-to-mec import_redeem.php
2002.06.30 14:48 A C:\WINDOWS\Desktop\Cac Upgrades FTP\scripts\cac-to-mec\import_users_step_1.php --> 1000levels.com /public_html/scripts/cac-to-mec import_users_step_1.php
2002.06.30 14:48 A C:\WINDOWS\Desktop\Cac Upgrades FTP\scripts\cac-to-mec\import_users_step_2.php --> 1000levels.com /public_html/scripts/cac-to-mec import_users_step_2.php
2002.06.30 14:48 A C:\WINDOWS\Desktop\Cac Upgrades FTP\scripts\cac-to-mec\makepages.php --> 1000levels.com /public_html/scripts/cac-to-mec makepages.php
2002.06.30 14:48 A C:\WINDOWS\Desktop\Cac Upgrades FTP\scripts\cac-to-mec\WS_FTP.LOG --> 1000levels.com /public_html/scripts/cac-to-mec WS_FTP.LOG
2002.07.22 13:22 A C:\WINDOWS\Desktop\Cac Upgrades FTP\scripts\cac-to-mec\CAC_import_users_tmp.sql --> pennymails.com /public_html/scripts/cac-to-mec CAC_import_users_tmp.sql
2002.07.22 13:22 A C:\WINDOWS\Desktop\Cac Upgrades FTP\scripts\cac-to-mec\conf.inc.php --> pennymails.com /public_html/scripts/cac-to-mec conf.inc.php
2002.07.22 13:22 A C:\WINDOWS\Desktop\Cac Upgrades FTP\scripts\cac-to-mec\functions.inc.php --> pennymails.com /public_html/scripts/cac-to-mec functions.inc.php
2002.07.22 13:22 A C:\WINDOWS\Desktop\Cac Upgrades FTP\scripts\cac-to-mec\import_banners.php --> pennymails.com /public_html/scripts/cac-to-mec import_banners.php
2002.07.22 13:22 A C:\WINDOWS\Desktop\Cac Upgrades FTP\scripts\cac-to-mec\import_emails.php --> pennymails.com /public_html/scripts/cac-to-mec import_emails.php
2002.07.22 13:22 A C:\WINDOWS\Desktop\Cac Upgrades FTP\scripts\cac-to-mec\import_gold.php --> pennymails.com /public_html/scripts/cac-to-mec import_gold.php
2002.07.22 13:22 A C:\WINDOWS\Desktop\Cac Upgrades FTP\scripts\cac-to-mec\import_ptc.php --> pennymails.com /public_html/scripts/cac-to-mec import_ptc.php
2002.07.22 13:22 A C:\WINDOWS\Desktop\Cac Upgrades FTP\scripts\cac-to-mec\import_redeem.php --> pennymails.com /public_html/scripts/cac-to-mec import_redeem.php
2002.07.22 13:22 A C:\WINDOWS\Desktop\Cac Upgrades FTP\scripts\cac-to-mec\import_users_step_1.php --> pennymails.com /public_html/scripts/cac-to-mec import_users_step_1.php
2002.07.22 13:22 A C:\WINDOWS\Desktop\Cac Upgrades FTP\scripts\cac-to-mec\import_users_step_2.php --> pennymails.com /public_html/scripts/cac-to-mec import_users_step_2.php
2002.07.22 13:22 A C:\WINDOWS\Desktop\Cac Upgrades FTP\scripts\cac-to-mec\makepages.php --> pennymails.com /public_html/scripts/cac-to-mec makepages.php
2002.07.22 13:22 A C:\WINDOWS\Desktop\Cac Upgrades FTP\scripts\cac-to-mec\WS_FTP.LOG --> pennymails.com /public_html/scripts/cac-to-mec WS_FTP.LOG
2002.07.22 21:38 A C:\WINDOWS\Desktop\Cac Upgrades FTP\scripts\cac-to-mec\CAC_import_users_tmp.sql --> reading4cash.com /www/scripts/cac-to-mec CAC_import_users_tmp.sql
2002.07.22 21:38 A C:\WINDOWS\Desktop\Cac Upgrades FTP\scripts\cac-to-mec\conf.inc.php --> reading4cash.com /www/scripts/cac-to-mec conf.inc.php
2002.07.22 21:38 A C:\WINDOWS\Desktop\Cac Upgrades FTP\scripts\cac-to-mec\functions.inc.php --> reading4cash.com /www/scripts/cac-to-mec functions.inc.php
2002.07.22 21:38 A C:\WINDOWS\Desktop\Cac Upgrades FTP\scripts\cac-to-mec\import_banners.php --> reading4cash.com /www/scripts/cac-to-mec import_banners.php
2002.07.22 21:38 A C:\WINDOWS\Desktop\Cac Upgrades FTP\scripts\cac-to-mec\import_emails.php --> reading4cash.com /www/scripts/cac-to-mec import_emails.php
2002.07.22 21:38 A C:\WINDOWS\Desktop\Cac Upgrades FTP\scripts\cac-to-mec\import_gold.php --> reading4cash.com /www/scripts/cac-to-mec import_gold.php
2002.07.22 21:38 A C:\WINDOWS\Desktop\Cac Upgrades FTP\scripts\cac-to-mec\import_ptc.php --> reading4cash.com /www/scripts/cac-to-mec import_ptc.php
2002.07.22 21:38 A C:\WINDOWS\Desktop\Cac Upgrades FTP\scripts\cac-to-mec\import_redeem.php --> reading4cash.com /www/scripts/cac-to-mec import_redeem.php
2002.07.22 21:38 A C:\WINDOWS\Desktop\Cac Upgrades FTP\scripts\cac-to-mec\import_users_step_1.php --> reading4cash.com /www/scripts/cac-to-mec import_users_step_1.php
2002.07.22 21:38 A C:\WINDOWS\Desktop\Cac Upgrades FTP\scripts\cac-to-mec\import_users_step_2.php --> reading4cash.com /www/scripts/cac-to-mec import_users_step_2.php
2002.07.22 21:38 A C:\WINDOWS\Desktop\Cac Upgrades FTP\scripts\cac-to-mec\makepages.php --> reading4cash.com /www/scripts/cac-to-mec makepages.php
2002.07.22 21:38 A C:\WINDOWS\Desktop\Cac Upgrades FTP\scripts\cac-to-mec\WS_FTP.LOG --> reading4cash.com /www/scripts/cac-to-mec WS_FTP.LOG
2002.07.25 17:12 A C:\WINDOWS\Desktop\Cac Upgrades FTP\scripts\cac-to-mec\CAC_import_users_tmp.sql --> penniesbyemail.com /scripts/cac-to-mec CAC_import_users_tmp.sql
2002.07.25 17:12 A C:\WINDOWS\Desktop\Cac Upgrades FTP\scripts\cac-to-mec\conf.inc.php --> penniesbyemail.com /scripts/cac-to-mec conf.inc.php
2002.07.25 17:12 A C:\WINDOWS\Desktop\Cac Upgrades FTP\scripts\cac-to-mec\functions.inc.php --> penniesbyemail.com /scripts/cac-to-mec functions.inc.php
2002.07.25 17:12 A C:\WINDOWS\Desktop\Cac Upgrades FTP\scripts\cac-to-mec\import_banners.php --> penniesbyemail.com /scripts/cac-to-mec import_banners.php
2002.07.25 17:12 A C:\WINDOWS\Desktop\Cac Upgrades FTP\scripts\cac-to-mec\import_emails.php --> penniesbyemail.com /scripts/cac-to-mec import_emails.php
2002.07.25 17:12 A C:\WINDOWS\Desktop\Cac Upgrades FTP\scripts\cac-to-mec\import_gold.php --> penniesbyemail.com /scripts/cac-to-mec import_gold.php
2002.07.25 17:12 A C:\WINDOWS\Desktop\Cac Upgrades FTP\scripts\cac-to-mec\import_ptc.php --> penniesbyemail.com /scripts/cac-to-mec import_ptc.php
2002.07.25 17:12 A C:\WINDOWS\Desktop\Cac Upgrades FTP\scripts\cac-to-mec\import_redeem.php --> penniesbyemail.com /scripts/cac-to-mec import_redeem.php
2002.07.25 17:12 A C:\WINDOWS\Desktop\Cac Upgrades FTP\scripts\cac-to-mec\import_users_step_1.php --> penniesbyemail.com /scripts/cac-to-mec import_users_step_1.php
2002.07.25 17:12 A C:\WINDOWS\Desktop\Cac Upgrades FTP\scripts\cac-to-mec\import_users_step_2.php --> penniesbyemail.com /scripts/cac-to-mec import_users_step_2.php
2002.07.25 17:13 A C:\WINDOWS\Desktop\Cac Upgrades FTP\scripts\cac-to-mec\makepages.php --> penniesbyemail.com /scripts/cac-to-mec makepages.php
2002.07.25 17:13 A C:\WINDOWS\Desktop\Cac Upgrades FTP\scripts\cac-to-mec\WS_FTP.LOG --> penniesbyemail.com /scripts/cac-to-mec WS_FTP.LOG
2002.07.26 06:04 A C:\WINDOWS\Desktop\Cac Upgrades FTP\scripts\cac-to-mec\CAC_import_users_tmp.sql --> emailpaysonline.com /www/scripts/cac-to-mec CAC_import_users_tmp.sql
2002.07.26 06:04 A C:\WINDOWS\Desktop\Cac Upgrades FTP\scripts\cac-to-mec\conf.inc.php --> emailpaysonline.com /www/scripts/cac-to-mec conf.inc.php
2002.07.26 06:04 A C:\WINDOWS\Desktop\Cac Upgrades FTP\scripts\cac-to-mec\functions.inc.php --> emailpaysonline.com /www/scripts/cac-to-mec functions.inc.php
2002.07.26 06:04 A C:\WINDOWS\Desktop\Cac Upgrades FTP\scripts\cac-to-mec\import_banners.php --> emailpaysonline.com /www/scripts/cac-to-mec import_banners.php
2002.07.26 06:04 A C:\WINDOWS\Desktop\Cac Upgrades FTP\scripts\cac-to-mec\import_emails.php --> emailpaysonline.com /www/scripts/cac-to-mec import_emails.php
2002.07.26 06:04 A C:\WINDOWS\Desktop\Cac Upgrades FTP\scripts\cac-to-mec\import_gold.php --> emailpaysonline.com /www/scripts/cac-to-mec import_gold.php
2002.07.26 06:04 A C:\WINDOWS\Desktop\Cac Upgrades FTP\scripts\cac-to-mec\import_ptc.php --> emailpaysonline.com /www/scripts/cac-to-mec import_ptc.php
2002.07.26 06:04 A C:\WINDOWS\Desktop\Cac Upgrades FTP\scripts\cac-to-mec\import_redeem.php --> emailpaysonline.com /www/scripts/cac-to-mec import_redeem.php
2002.07.26 06:04 A C:\WINDOWS\Desktop\Cac Upgrades FTP\scripts\cac-to-mec\import_users_step_1.php --> emailpaysonline.com /www/scripts/cac-to-mec import_users_step_1.php
2002.07.26 06:04 A C:\WINDOWS\Desktop\Cac Upgrades FTP\scripts\cac-to-mec\import_users_step_2.php --> emailpaysonline.com /www/scripts/cac-to-mec import_users_step_2.php
2002.07.26 06:04 A C:\WINDOWS\Desktop\Cac Upgrades FTP\scripts\cac-to-mec\makepages.php --> emailpaysonline.com /www/scripts/cac-to-mec makepages.php
2002.07.26 06:04 A C:\WINDOWS\Desktop\Cac Upgrades FTP\scripts\cac-to-mec\WS_FTP.LOG --> emailpaysonline.com /www/scripts/cac-to-mec WS_FTP.LOG
2002.07.28 21:46 A C:\WINDOWS\Desktop\Cac Upgrades FTP\scripts\cac-to-mec\CAC_import_users_tmp.sql --> emaillionairesemail.com /public_html/scripts/cac-to-mec CAC_import_users_tmp.sql
2002.07.28 21:46 A C:\WINDOWS\Desktop\Cac Upgrades FTP\scripts\cac-to-mec\conf.inc.php --> emaillionairesemail.com /public_html/scripts/cac-to-mec conf.inc.php
2002.07.28 21:46 A C:\WINDOWS\Desktop\Cac Upgrades FTP\scripts\cac-to-mec\functions.inc.php --> emaillionairesemail.com /public_html/scripts/cac-to-mec functions.inc.php
2002.07.28 21:46 A C:\WINDOWS\Desktop\Cac Upgrades FTP\scripts\cac-to-mec\import_banners.php --> emaillionairesemail.com /public_html/scripts/cac-to-mec import_banners.php
2002.07.28 21:46 A C:\WINDOWS\Desktop\Cac Upgrades FTP\scripts\cac-to-mec\import_emails.php --> emaillionairesemail.com /public_html/scripts/cac-to-mec import_emails.php
2002.07.28 21:46 A C:\WINDOWS\Desktop\Cac Upgrades FTP\scripts\cac-to-mec\import_gold.php --> emaillionairesemail.com /public_html/scripts/cac-to-mec import_gold.php
2002.07.28 21:46 A C:\WINDOWS\Desktop\Cac Upgrades FTP\scripts\cac-to-mec\import_ptc.php --> emaillionairesemail.com /public_html/scripts/cac-to-mec import_ptc.php
2002.07.28 21:46 A C:\WINDOWS\Desktop\Cac Upgrades FTP\scripts\cac-to-mec\import_redeem.php --> emaillionairesemail.com /public_html/scripts/cac-to-mec import_redeem.php
2002.07.28 21:46 A C:\WINDOWS\Desktop\Cac Upgrades FTP\scripts\cac-to-mec\import_users_step_1.php --> emaillionairesemail.com /public_html/scripts/cac-to-mec import_users_step_1.php
2002.07.28 21:46 A C:\WINDOWS\Desktop\Cac Upgrades FTP\scripts\cac-to-mec\import_users_step_2.php --> emaillionairesemail.com /public_html/scripts/cac-to-mec import_users_step_2.php
2002.07.28 21:46 A C:\WINDOWS\Desktop\Cac Upgrades FTP\scripts\cac-to-mec\makepages.php --> emaillionairesemail.com /public_html/scripts/cac-to-mec makepages.php
2002.07.28 21:47 A C:\WINDOWS\Desktop\Cac Upgrades FTP\scripts\cac-to-mec\WS_FTP.LOG --> emaillionairesemail.com /public_html/scripts/cac-to-mec WS_FTP.LOG
2002.07.30 13:27 A C:\WINDOWS\Desktop\Cac Upgrades FTP\scripts\cac-to-mec\CAC_import_users_tmp.sql --> 65.241.72.5 /scripts/cac-to-mec CAC_import_users_tmp.sql
2002.07.30 13:27 A C:\WINDOWS\Desktop\Cac Upgrades FTP\scripts\cac-to-mec\functions.inc.php --> 65.241.72.5 /scripts/cac-to-mec functions.inc.php
2002.07.30 13:27 A C:\WINDOWS\Desktop\Cac Upgrades FTP\scripts\cac-to-mec\import_emails.php --> 65.241.72.5 /scripts/cac-to-mec import_emails.php
2002.07.30 13:27 A C:\WINDOWS\Desktop\Cac Upgrades FTP\scripts\cac-to-mec\import_gold.php --> 65.241.72.5 /scripts/cac-to-mec import_gold.php
2002.07.30 13:27 A C:\WINDOWS\Desktop\Cac Upgrades FTP\scripts\cac-to-mec\import_ptc.php --> 65.241.72.5 /scripts/cac-to-mec import_ptc.php
2002.07.30 13:27 A C:\WINDOWS\Desktop\Cac Upgrades FTP\scripts\cac-to-mec\import_redeem.php --> 65.241.72.5 /scripts/cac-to-mec import_redeem.php
2002.07.30 13:27 A C:\WINDOWS\Desktop\Cac Upgrades FTP\scripts\cac-to-mec\import_users_step_1.php --> 65.241.72.5 /scripts/cac-to-mec import_users_step_1.php
2002.07.30 13:27 A C:\WINDOWS\Desktop\Cac Upgrades FTP\scripts\cac-to-mec\import_users_step_2.php --> 65.241.72.5 /scripts/cac-to-mec import_users_step_2.php
2002.07.30 13:27 A C:\WINDOWS\Desktop\Cac Upgrades FTP\scripts\cac-to-mec\makepages.php --> 65.241.72.5 /scripts/cac-to-mec makepages.php
