2002.11.30 22:31 A C:\Documents and Settings\Alec\Desktop\v1\admin\addservernews.php --> edgepanel.com /httpdocs/test/admin addservernews.php
2002.11.30 22:31 A C:\Documents and Settings\Alec\Desktop\v1\admin\answersupport.php --> edgepanel.com /httpdocs/test/admin answersupport.php
2002.11.30 22:31 A C:\Documents and Settings\Alec\Desktop\v1\admin\chatconsole.php --> edgepanel.com /httpdocs/test/admin chatconsole.php
2002.11.30 22:31 A C:\Documents and Settings\Alec\Desktop\v1\admin\chatlogout.php --> edgepanel.com /httpdocs/test/admin chatlogout.php
2002.11.30 22:31 A C:\Documents and Settings\Alec\Desktop\v1\admin\chatpost.php --> edgepanel.com /httpdocs/test/admin chatpost.php
2002.11.30 22:31 A C:\Documents and Settings\Alec\Desktop\v1\admin\chatscript.php --> edgepanel.com /httpdocs/test/admin chatscript.php
2002.11.30 22:31 A C:\Documents and Settings\Alec\Desktop\v1\admin\chatselect.php --> edgepanel.com /httpdocs/test/admin chatselect.php
2002.11.30 22:31 A C:\Documents and Settings\Alec\Desktop\v1\admin\chattext.php --> edgepanel.com /httpdocs/test/admin chattext.php
2002.11.30 22:31 A C:\Documents and Settings\Alec\Desktop\v1\admin\cleanup.php --> edgepanel.com /httpdocs/test/admin cleanup.php
2002.11.30 22:31 A C:\Documents and Settings\Alec\Desktop\v1\admin\config.php --> edgepanel.com /httpdocs/test/admin config.php
2002.11.30 22:31 A C:\Documents and Settings\Alec\Desktop\v1\admin\copyservernews.php --> edgepanel.com /httpdocs/test/admin copyservernews.php
2002.11.30 22:31 A C:\Documents and Settings\Alec\Desktop\v1\admin\defaults.php --> edgepanel.com /httpdocs/test/admin defaults.php
2002.11.30 22:31 A C:\Documents and Settings\Alec\Desktop\v1\admin\deletefield.php --> edgepanel.com /httpdocs/test/admin deletefield.php
2002.11.30 22:31 A C:\Documents and Settings\Alec\Desktop\v1\admin\deletenews.php --> edgepanel.com /httpdocs/test/admin deletenews.php
2002.11.30 22:31 A C:\Documents and Settings\Alec\Desktop\v1\admin\deleteserver.php --> edgepanel.com /httpdocs/test/admin deleteserver.php
2002.11.30 22:31 A C:\Documents and Settings\Alec\Desktop\v1\admin\deleteservernews.php --> edgepanel.com /httpdocs/test/admin deleteservernews.php
2002.11.30 22:31 A C:\Documents and Settings\Alec\Desktop\v1\admin\deletesupportcategory.php --> edgepanel.com /httpdocs/test/admin deletesupportcategory.php
2002.11.30 22:31 A C:\Documents and Settings\Alec\Desktop\v1\admin\editnews.php --> edgepanel.com /httpdocs/test/admin editnews.php
2002.11.30 22:31 A C:\Documents and Settings\Alec\Desktop\v1\admin\editserver.php --> edgepanel.com /httpdocs/test/admin editserver.php
2002.11.30 22:31 A C:\Documents and Settings\Alec\Desktop\v1\admin\editservernews.php --> edgepanel.com /httpdocs/test/admin editservernews.php
2002.11.30 22:31 A C:\Documents and Settings\Alec\Desktop\v1\admin\editsupportcategory.php --> edgepanel.com /httpdocs/test/admin editsupportcategory.php
2002.11.30 22:31 A C:\Documents and Settings\Alec\Desktop\v1\admin\index.php --> edgepanel.com /httpdocs/test/admin index.php
2002.11.30 22:31 A C:\Documents and Settings\Alec\Desktop\v1\admin\livechat.php --> edgepanel.com /httpdocs/test/admin livechat.php
2002.11.30 22:31 A C:\Documents and Settings\Alec\Desktop\v1\admin\login.php --> edgepanel.com /httpdocs/test/admin login.php
2002.11.30 22:31 A C:\Documents and Settings\Alec\Desktop\v1\admin\logout.php --> edgepanel.com /httpdocs/test/admin logout.php
2002.11.30 22:32 A C:\Documents and Settings\Alec\Desktop\v1\admin\massreply.php --> edgepanel.com /httpdocs/test/admin massreply.php
2002.11.30 22:32 A C:\Documents and Settings\Alec\Desktop\v1\admin\news.php --> edgepanel.com /httpdocs/test/admin news.php
2002.11.30 22:32 A C:\Documents and Settings\Alec\Desktop\v1\admin\openchat.php --> edgepanel.com /httpdocs/test/admin openchat.php
2002.11.30 22:32 A C:\Documents and Settings\Alec\Desktop\v1\admin\removeadmin.php --> edgepanel.com /httpdocs/test/admin removeadmin.php
2002.11.30 22:32 A C:\Documents and Settings\Alec\Desktop\v1\admin\selectchat.php --> edgepanel.com /httpdocs/test/admin selectchat.php
2002.11.30 22:32 A C:\Documents and Settings\Alec\Desktop\v1\admin\servernews.php --> edgepanel.com /httpdocs/test/admin servernews.php
2002.11.30 22:32 A C:\Documents and Settings\Alec\Desktop\v1\admin\servers.php --> edgepanel.com /httpdocs/test/admin servers.php
2002.11.30 22:32 A C:\Documents and Settings\Alec\Desktop\v1\admin\support.php --> edgepanel.com /httpdocs/test/admin support.php
2002.11.30 22:32 A C:\Documents and Settings\Alec\Desktop\v1\admin\supportcategories.php --> edgepanel.com /httpdocs/test/admin supportcategories.php
2002.11.30 22:32 A C:\Documents and Settings\Alec\Desktop\v1\admin\supportfields.php --> edgepanel.com /httpdocs/test/admin supportfields.php
2002.11.30 22:32 A C:\Documents and Settings\Alec\Desktop\v1\admin\update.php --> edgepanel.com /httpdocs/test/admin update.php
2002.11.30 22:32 A C:\Documents and Settings\Alec\Desktop\v1\admin\useradmins.php --> edgepanel.com /httpdocs/test/admin useradmins.php
2002.11.30 22:32 A C:\Documents and Settings\Alec\Desktop\v1\admin\users.php --> edgepanel.com /httpdocs/test/admin users.php
2002.11.30 22:41 A C:\Documents and Settings\Alec\Desktop\v1\admin\addservernews.php --> mostuff.com /admin addservernews.php
2002.11.30 22:42 A C:\Documents and Settings\Alec\Desktop\v1\admin\answersupport.php --> mostuff.com /admin answersupport.php
2002.11.30 22:42 A C:\Documents and Settings\Alec\Desktop\v1\admin\chatconsole.php --> mostuff.com /admin chatconsole.php
2002.11.30 22:42 A C:\Documents and Settings\Alec\Desktop\v1\admin\chatlogout.php --> mostuff.com /admin chatlogout.php
2002.11.30 22:43 A C:\Documents and Settings\Alec\Desktop\v1\admin\chatpost.php --> mostuff.com /admin chatpost.php
2002.11.30 22:43 A C:\Documents and Settings\Alec\Desktop\v1\admin\chatscript.php --> mostuff.com /admin chatscript.php
2002.11.30 22:43 A C:\Documents and Settings\Alec\Desktop\v1\admin\chatselect.php --> mostuff.com /admin chatselect.php
2002.11.30 22:44 A C:\Documents and Settings\Alec\Desktop\v1\admin\chattext.php --> mostuff.com /admin chattext.php
2002.11.30 22:44 A C:\Documents and Settings\Alec\Desktop\v1\admin\cleanup.php --> mostuff.com /admin cleanup.php
2002.11.30 22:44 A C:\Documents and Settings\Alec\Desktop\v1\admin\config.php --> mostuff.com /admin config.php
2002.11.30 22:45 A C:\Documents and Settings\Alec\Desktop\v1\admin\copyservernews.php --> mostuff.com /admin copyservernews.php
2002.11.30 22:45 A C:\Documents and Settings\Alec\Desktop\v1\admin\defaults.php --> mostuff.com /admin defaults.php
2002.11.30 22:46 A C:\Documents and Settings\Alec\Desktop\v1\admin\deletefield.php --> mostuff.com /admin deletefield.php
2002.11.30 22:46 A C:\Documents and Settings\Alec\Desktop\v1\admin\deletenews.php --> mostuff.com /admin deletenews.php
2002.11.30 22:46 A C:\Documents and Settings\Alec\Desktop\v1\admin\deleteserver.php --> mostuff.com /admin deleteserver.php
2002.11.30 22:47 A C:\Documents and Settings\Alec\Desktop\v1\admin\deleteservernews.php --> mostuff.com /admin deleteservernews.php
2002.11.30 22:47 A C:\Documents and Settings\Alec\Desktop\v1\admin\deletesupportcategory.php --> mostuff.com /admin deletesupportcategory.php
2002.11.30 22:47 A C:\Documents and Settings\Alec\Desktop\v1\admin\editnews.php --> mostuff.com /admin editnews.php
2002.11.30 22:48 A C:\Documents and Settings\Alec\Desktop\v1\admin\editserver.php --> mostuff.com /admin editserver.php
2002.11.30 22:48 A C:\Documents and Settings\Alec\Desktop\v1\admin\editservernews.php --> mostuff.com /admin editservernews.php
2002.11.30 22:48 A C:\Documents and Settings\Alec\Desktop\v1\admin\editsupportcategory.php --> mostuff.com /admin editsupportcategory.php
2002.11.30 22:49 A C:\Documents and Settings\Alec\Desktop\v1\admin\index.php --> mostuff.com /admin index.php
2002.11.30 22:49 A C:\Documents and Settings\Alec\Desktop\v1\admin\livechat.php --> mostuff.com /admin livechat.php
2002.11.30 22:50 A C:\Documents and Settings\Alec\Desktop\v1\admin\login.php --> mostuff.com /admin login.php
2002.11.30 22:50 A C:\Documents and Settings\Alec\Desktop\v1\admin\logout.php --> mostuff.com /admin logout.php
2002.11.30 22:50 A C:\Documents and Settings\Alec\Desktop\v1\admin\massreply.php --> mostuff.com /admin massreply.php
2002.11.30 23:02 A C:\Documents and Settings\Alec\Desktop\v1\admin\addservernews.php --> mostuff.com /httpdocs/alec/admin addservernews.php
2002.11.30 23:02 A C:\Documents and Settings\Alec\Desktop\v1\admin\answersupport.php --> mostuff.com /httpdocs/alec/admin answersupport.php
2002.11.30 23:02 A C:\Documents and Settings\Alec\Desktop\v1\admin\chatconsole.php --> mostuff.com /httpdocs/alec/admin chatconsole.php
2002.11.30 23:03 A C:\Documents and Settings\Alec\Desktop\v1\admin\chatlogout.php --> mostuff.com /httpdocs/alec/admin chatlogout.php
2002.11.30 23:03 A C:\Documents and Settings\Alec\Desktop\v1\admin\chatpost.php --> mostuff.com /httpdocs/alec/admin chatpost.php
2002.11.30 23:04 A C:\Documents and Settings\Alec\Desktop\v1\admin\chatscript.php --> mostuff.com /httpdocs/alec/admin chatscript.php
2002.11.30 23:04 A C:\Documents and Settings\Alec\Desktop\v1\admin\chatselect.php --> mostuff.com /httpdocs/alec/admin chatselect.php
2002.11.30 23:04 A C:\Documents and Settings\Alec\Desktop\v1\admin\chattext.php --> mostuff.com /httpdocs/alec/admin chattext.php
2002.11.30 23:05 A C:\Documents and Settings\Alec\Desktop\v1\admin\cleanup.php --> mostuff.com /httpdocs/alec/admin cleanup.php
2002.11.30 23:05 A C:\Documents and Settings\Alec\Desktop\v1\admin\config.php --> mostuff.com /httpdocs/alec/admin config.php
2002.11.30 23:05 A C:\Documents and Settings\Alec\Desktop\v1\admin\copyservernews.php --> mostuff.com /httpdocs/alec/admin copyservernews.php
2002.11.30 23:06 A C:\Documents and Settings\Alec\Desktop\v1\admin\defaults.php --> mostuff.com /httpdocs/alec/admin defaults.php
2002.11.30 23:06 A C:\Documents and Settings\Alec\Desktop\v1\admin\deletefield.php --> mostuff.com /httpdocs/alec/admin deletefield.php
2002.11.30 23:06 A C:\Documents and Settings\Alec\Desktop\v1\admin\deletenews.php --> mostuff.com /httpdocs/alec/admin deletenews.php
2002.11.30 23:07 A C:\Documents and Settings\Alec\Desktop\v1\admin\deleteserver.php --> mostuff.com /httpdocs/alec/admin deleteserver.php
2002.11.30 23:07 A C:\Documents and Settings\Alec\Desktop\v1\admin\deleteservernews.php --> mostuff.com /httpdocs/alec/admin deleteservernews.php
2002.11.30 23:07 A C:\Documents and Settings\Alec\Desktop\v1\admin\deletesupportcategory.php --> mostuff.com /httpdocs/alec/admin deletesupportcategory.php
2002.11.30 23:08 A C:\Documents and Settings\Alec\Desktop\v1\admin\editnews.php --> mostuff.com /httpdocs/alec/admin editnews.php
2002.11.30 23:08 A C:\Documents and Settings\Alec\Desktop\v1\admin\editserver.php --> mostuff.com /httpdocs/alec/admin editserver.php
2002.11.30 23:09 A C:\Documents and Settings\Alec\Desktop\v1\admin\editservernews.php --> mostuff.com /httpdocs/alec/admin editservernews.php
2002.11.30 23:09 A C:\Documents and Settings\Alec\Desktop\v1\admin\editsupportcategory.php --> mostuff.com /httpdocs/alec/admin editsupportcategory.php
2002.11.30 23:09 A C:\Documents and Settings\Alec\Desktop\v1\admin\index.php --> mostuff.com /httpdocs/alec/admin index.php
2002.11.30 23:10 A C:\Documents and Settings\Alec\Desktop\v1\admin\livechat.php --> mostuff.com /httpdocs/alec/admin livechat.php
2002.11.30 23:10 A C:\Documents and Settings\Alec\Desktop\v1\admin\login.php --> mostuff.com /httpdocs/alec/admin login.php
2002.11.30 23:10 A C:\Documents and Settings\Alec\Desktop\v1\admin\logout.php --> mostuff.com /httpdocs/alec/admin logout.php
2002.11.30 23:11 A C:\Documents and Settings\Alec\Desktop\v1\admin\massreply.php --> mostuff.com /httpdocs/alec/admin massreply.php
2002.11.30 23:11 A C:\Documents and Settings\Alec\Desktop\v1\admin\news.php --> mostuff.com /httpdocs/alec/admin news.php
